[2015.10.23-00.17.20:212][  0]Log file open, 10/23/15 02:17:20
[2015.10.23-00.17.20:212][  0]LogInit:Display: Running engine for game: MyProject2
[2015.10.23-00.17.20:212][  0]LogInit:Display: RandInit(-2077213167) SRandInit(-2077213167).
[2015.10.23-00.17.20:212][  0]LogTaskGraph: Started task graph with 4 named threads and 7 total threads.
[2015.10.23-00.17.20:212][  0]LogStats: Stats thread started at 0.071761
[2015.10.23-00.17.20:212][  0]LogInit: Version: 4.9.2-2707645+++depot+UE4-Releases+4.9
[2015.10.23-00.17.20:212][  0]LogInit: API Version: 2672455
[2015.10.23-00.17.20:212][  0]LogInit: Compiled (64-bit): Sep 28 2015 10:25:44
[2015.10.23-00.17.20:212][  0]LogInit: Compiled with Visual C++: 18.00.21005.01
[2015.10.23-00.17.20:212][  0]LogInit: Build Configuration: Development
[2015.10.23-00.17.20:212][  0]LogInit: Branch Name: ++depot+UE4-Releases+4.9
[2015.10.23-00.17.20:212][  0]LogInit: Command line: 
[2015.10.23-00.17.20:212][  0]LogInit: Base directory: D:/Program Files/Epic Games/4.9/Engine/Binaries/Win64/
[2015.10.23-00.17.20:212][  0]LogInit: Rocket: 1
[2015.10.23-00.17.20:218][  0]LogInit: Using libcurl 7.41.0
[2015.10.23-00.17.20:218][  0]LogInit:  - built for x86_64-pc-win32
[2015.10.23-00.17.20:218][  0]LogInit:  - supports SSL with WinSSL
[2015.10.23-00.17.20:218][  0]LogInit:  - other features:
[2015.10.23-00.17.20:218][  0]LogInit:      CURL_VERSION_SSL
[2015.10.23-00.17.20:219][  0]LogInit:      CURL_VERSION_IPV6
[2015.10.23-00.17.20:219][  0]LogInit:      CURL_VERSION_ASYNCHDNS
[2015.10.23-00.17.20:219][  0]LogInit:      CURL_VERSION_LARGEFILE
[2015.10.23-00.17.20:219][  0]LogInit:      CURL_VERSION_IDN
[2015.10.23-00.17.20:219][  0]LogInit:  CurlRequestOptions (configurable via config and command line):
[2015.10.23-00.17.20:219][  0]LogInit:  - bVerifyPeer = true  - Libcurl will verify peer certificate
[2015.10.23-00.17.20:219][  0]LogInit:  - bUseHttpProxy = false  - Libcurl will NOT use HTTP proxy
[2015.10.23-00.17.20:219][  0]LogInit:  - bDontReuseConnections = false  - Libcurl will reuse connections
[2015.10.23-00.17.20:219][  0]LogInit:  - CertBundlePath = nullptr  - Libcurl will use whatever was configured at build time.
[2015.10.23-00.17.20:224][  0]LogInit: Presizing for 0 objects not considered by GC, pre-allocating 0 bytes.
[2015.10.23-00.17.20:229][  0]LogInit: Object subsystem initialized
[2015.10.23-00.17.20:230][  0]LogInit: Selected Device Profile: [Windows]
[2015.10.23-00.17.20:230][  0]LogInit: Applying CVar settings loaded from the selected device profile: [Windows]
[2015.10.23-00.17.20:238][  0]LogInit: Computer: REIIZDESKTOP
[2015.10.23-00.17.20:238][  0]LogInit: User: liliu
[2015.10.23-00.17.20:238][  0]LogInit: CPU Page size=4096, Cores=4
[2015.10.23-00.17.20:238][  0]LogInit: High frequency timer resolution =3.906248 MHz
[2015.10.23-00.17.20:238][  0]LogMemory: Memory total: Physical=7.9GB (8GB approx)
[2015.10.23-00.17.20:238][  0]LogMemory: Platform Memory Stats for Windows
[2015.10.23-00.17.20:238][  0]LogMemory: Process Physical Memory: 54.05 MB used, 54.05 MB peak
[2015.10.23-00.17.20:238][  0]LogMemory: Process Virtual Memory: 58.19 MB used, 58.19 MB peak
[2015.10.23-00.17.20:238][  0]LogMemory: Physical Memory: 3564.27 MB used, 8052.93 MB total
[2015.10.23-00.17.20:238][  0]LogMemory: Virtual Memory: 368.40 MB used, 134217728.00 MB total
[2015.10.23-00.17.20:264][  0]LogTextLocalizationManager: No specific translations for ('en-150') exist, so ('en') translations will be used.
[2015.10.23-00.17.20:752][  0]LogD3D11RHI: Found D3D11 adapter 0: AMD Radeon HD 7900 Series (Feature Level 11_0)
[2015.10.23-00.17.20:752][  0]LogD3D11RHI: Adapter has 3050MB of dedicated video memory, 0MB of dedicated system memory, and 4026MB of shared system memory, 2 output[s]
[2015.10.23-00.17.20:757][  0]LogD3D11RHI: Found D3D11 adapter 1: Intel(R) HD Graphics 4600 (Feature Level 11_0)
[2015.10.23-00.17.20:757][  0]LogD3D11RHI: Adapter has 112MB of dedicated video memory, 0MB of dedicated system memory, and 4026MB of shared system memory, 0 output[s]
[2015.10.23-00.17.20:758][  0]LogD3D11RHI: Found D3D11 adapter 2: Microsoft Basic Render Driver (Feature Level 11_0)
[2015.10.23-00.17.20:758][  0]LogD3D11RHI: Adapter has 0MB of dedicated video memory, 0MB of dedicated system memory, and 4026MB of shared system memory, 0 output[s]
[2015.10.23-00.17.20:758][  0]LogD3D11RHI: Chosen D3D11 Adapter Id = 0
[2015.10.23-00.17.20:760][  0]LogD3D11RHI: !Direct3DDevice
[2015.10.23-00.17.20:760][  0]LogRHI: Texture pool is 1361 MB (70% of 1945 MB)
[2015.10.23-00.17.20:765][  0]LogD3D11RHI: Async texture creation disabled: no driver support
[2015.10.23-00.17.20:775][  0]LogShaderCompilers: Guid format shader working directory is 15 characters bigger than the processId version (../../../../../../MyGAMES/MyProject2/Intermediate/Shaders/WorkingDirectory/7412/).
[2015.10.23-00.17.20:775][  0]LogShaderCompilers: Cleaned the shader compiler working directory '../../../../../../MyGAMES/MyProject2/Intermediate/Shaders/tmp/618241F84A5B9A74A6E1D59624665A61/'.
[2015.10.23-00.17.20:775][  0]LogShaderCompilers:Display: Using Local Shader Compiler.
[2015.10.23-00.17.21:522][  0]LogTemp:Display: Loaded TP AllDesktopTargetPlatform
[2015.10.23-00.17.21:526][  0]LogTemp:Display: Loaded TP WindowsClientTargetPlatform
[2015.10.23-00.17.21:530][  0]LogTemp:Display: Loaded TP WindowsNoEditorTargetPlatform
[2015.10.23-00.17.21:534][  0]LogTemp:Display: Loaded TP WindowsServerTargetPlatform
[2015.10.23-00.17.21:538][  0]LogTemp:Display: Loaded TP WindowsTargetPlatform
[2015.10.23-00.17.21:541][  0]LogTemp:Display: Loaded TP AndroidTargetPlatform
[2015.10.23-00.17.21:544][  0]LogTemp:Display: Loaded TP Android_ASTCTargetPlatform
[2015.10.23-00.17.21:547][  0]LogTemp:Display: Loaded TP Android_ATCTargetPlatform
[2015.10.23-00.17.21:549][  0]LogTemp:Display: Loaded TP Android_DXTTargetPlatform
[2015.10.23-00.17.21:551][  0]LogTemp:Display: Loaded TP Android_ETC1TargetPlatform
[2015.10.23-00.17.21:554][  0]LogTemp:Display: Loaded TP Android_ETC2TargetPlatform
[2015.10.23-00.17.21:557][  0]LogTemp:Display: Loaded TP Android_PVRTCTargetPlatform
[2015.10.23-00.17.21:557][  0]LogTemp:Display: Loaded TP HTML5TargetPlatform
[2015.10.23-00.17.21:573][  0]LogTemp:Display: Loaded TP IOSTargetPlatform
[2015.10.23-00.17.21:575][  0]LogTemp:Display: Loaded TP LinuxNoEditorTargetPlatform
[2015.10.23-00.17.21:577][  0]LogTemp:Display: Loaded TP LinuxServerTargetPlatform
[2015.10.23-00.17.21:580][  0]LogTemp:Display: Loaded TP LinuxTargetPlatform
[2015.10.23-00.17.21:580][  0]LogTargetPlatformManager:Display: Building Assets For Windows
[2015.10.23-00.17.21:641][  0]LogDerivedDataCache:Display: Max Cache Size: 512 MB
[2015.10.23-00.17.21:674][  0]LogDerivedDataCache: Loaded boot cache 0.03s 41MB C:/Users/liliu/AppData/Local/UnrealEngine/4.9/DerivedDataCache/Boot.ddc.
[2015.10.23-00.17.21:674][  0]LogDerivedDataCache:Display: Loaded Boot cache: C:/Users/liliu/AppData/Local/UnrealEngine/4.9/DerivedDataCache/Boot.ddc
[2015.10.23-00.17.21:675][  0]LogDerivedDataCache: FDerivedDataBackendGraph:  Pak pak cache file ../../../../../../MyGAMES/MyProject2/DerivedDataCache/DDC.ddp not found, will not use a pak cache.
[2015.10.23-00.17.21:675][  0]LogDerivedDataCache: Unable to find inner node Pak for hierarchical cache Hierarchy.
[2015.10.23-00.17.21:675][  0]LogDerivedDataCache: FDerivedDataBackendGraph:  CompressedPak pak cache file ../../../../../../MyGAMES/MyProject2/DerivedDataCache/Compressed.ddp not found, will not use a pak cache.
[2015.10.23-00.17.21:675][  0]LogDerivedDataCache: Unable to find inner node CompressedPak for hierarchical cache Hierarchy.
[2015.10.23-00.17.21:781][  0]LogDerivedDataCache:Display: Pak cache opened for reading ../../../Engine/DerivedDataCache/Compressed.ddp.
[2015.10.23-00.17.21:793][  0]LogDerivedDataCache: Using Local data cache path C:/Users/liliu/AppData/Local/UnrealEngine/Common/DerivedDataCache: Writable
[2015.10.23-00.17.21:910][  0]LogInit: Selected Device Profile: [Windows]
[2015.10.23-00.17.21:912][  0]LogContentStreaming: Texture pool size is 0.000000MB
[2015.10.23-00.17.21:996][  0]LogMeshUtilities: No automatic mesh reduction module available
[2015.10.23-00.17.21:996][  0]LogMeshUtilities: No automatic mesh merging module available
[2015.10.23-00.17.22:186][  0]LogInit: WinSock: version 1.1 (2.2), MaxSocks=32767, MaxUdp=65467
[2015.10.23-00.17.22:706][  0]UdpMessaging: Initializing bridge on interface 0.0.0.0:0 to multicast group 230.0.0.1:6666.
[2015.10.23-00.17.22:794][  0]LogAssetRegistry: FAssetRegistry took 0.0106 seconds to start up
[2015.10.23-00.17.22:908][  0]SourceControl: Info Source control is disabled
[2015.10.23-00.17.22:914][  0]SourceControl: Info Source control is disabled
[2015.10.23-00.17.22:922][  0]SourceControl: Info Source control is disabled
[2015.10.23-00.17.22:929][  0]SourceControl: Info Source control is disabled
[2015.10.23-00.17.23:027][  0]LogLinker:Warning: Asset '../../../Engine/Plugins/Runtime/LeapMotionController/Content/LM_PassthroughMaterial.uasset' has been saved with empty engine version. The asset will be loaded but may be incompatible.
[2015.10.23-00.17.23:082][  0]LogObj: 28361 objects as part of root set at end of initial load.
[2015.10.23-00.17.23:082][  0]LogUObjectAllocator: 6038864 out of 0 bytes used by permanent object pool.
[2015.10.23-00.17.23:126][  0]LogEngine: Initializing Engine...
[2015.10.23-00.17.23:127][  0]LogHMD: Can't find Oculus library dev build: is proper Runtime installed? Version: 0.7.0.0
[2015.10.23-00.17.23:127][  0]LogHMD: SteamVR failed to initialize.  Err: 110
[2015.10.23-00.17.23:219][  0]LogAIModule: Creating AISystem for world NewWorld
[2015.10.23-00.17.23:228][  0]LogInit: XAudio2 using 'Casque (AKG K845BT Stéréo)' : 2 channels at 44.1 kHz using 16 bits per sample (channel mask 0x3)
[2015.10.23-00.17.23:233][  0]LogInit: FAudioDevice initialized.
[2015.10.23-00.17.23:250][  0]LogDerivedDataCache: Saved boot cache 0.02s 41MB C:/Users/liliu/AppData/Local/UnrealEngine/4.9/DerivedDataCache/Boot.ddc.
[2015.10.23-00.17.23:254][  0]LogInit: Texture streaming: Enabled
[2015.10.23-00.17.23:259][  0]LogAnalytics: Creating configured Analytics provider AnalyticsET
[2015.10.23-00.17.23:259][  0]LogAnalytics: [UEEditor.Rocket.Release] APIServer = http://et2.epicgames.com/ET2/. AppVersion = 4.9.2-2707645+++depot+UE4-Releases+4.9
[2015.10.23-00.17.23:259][  0]LogAnalytics: [UEEditor.Rocket.Release] SetUserId 71602e434846f1ec325ce9888374f8e1|8083a3ab479f42fd888931546077b44c|d0992da6-e7c3-4808-adbd-9ac2ef65295b
[2015.10.23-00.17.23:259][  0]LogAnalytics: [UEEditor.Rocket.Release] AnalyticsET::StartSession
[2015.10.23-00.17.23:278][  0]LogInit: Transaction tracking system initialized
[2015.10.23-00.17.23:299][  0]BlueprintLog: New page: Editor Load
[2015.10.23-00.17.23:356][  0]LocalizationService: Info Localization service is disabled
[2015.10.23-00.17.23:406][  0]LogLinker:Warning: Can't find file '/Game/ThirdPersonBP/ThirdPersonOverview'
[2015.10.23-00.17.23:406][  0]LogLinker:Warning: Can't find file '/Game/ThirdPersonBP/ThirdPersonOverview'
[2015.10.23-00.17.23:406][  0]LogUObjectGlobals:Warning: Failed to find object 'Class /Game/ThirdPersonBP/ThirdPersonOverview.ThirdPersonOverview_C'
[2015.10.23-00.17.23:415][  0]LogConsoleResponse:Display: 
[2015.10.23-00.17.23:505][  0]LogCook:Display: Done creating registry. It took  0.00s.
[2015.10.23-00.17.23:547][  0]LogFileCache: Scanning file cache for directory 'D:/MyGAMES/MyProject2/Content/' took 0.01s
[2015.10.23-00.17.23:547][  0]SourceControl: Info Source control is disabled
[2015.10.23-00.17.39:846][  0]LogWindowsTextInputMethodSystem:Display: IME system now deactivated.
[2015.10.23-00.17.39:849][  0]LogWindowsTextInputMethodSystem:Display: IME system now deactivated.
[2015.10.23-00.17.39:850][  0]Cmd: MAP LOAD FILE="../../../Engine/Content/Maps/Templates/Template_Default.umap" TEMPLATE=1 SHOWPROGRESS=1 FEATURELEVEL=3
[2015.10.23-00.17.39:850][  0]LightingResults: New page: Lighting Build
[2015.10.23-00.17.39:853][  0]MapCheck: New page: Map Check
[2015.10.23-00.17.39:853][  0]LightingResults: New page: Lighting Build
[2015.10.23-00.17.39:863][  0]LogParticles: Destroying 0 GPU particle simulations for FXSystem 0x0000005A9B5F9DA0
[2015.10.23-00.17.40:040][  0]LogAIModule: Creating AISystem for world Untitled_1
[2015.10.23-00.17.40:045][  0]LogEditorServer: Finished looking for orphan Actors (0.000 secs)
[2015.10.23-00.17.40:051][  0]Cmd: MAP CHECKDEP NOCLEARLOG
[2015.10.23-00.17.40:086][  0]MapCheck: Info Map check complete: 0 Error(s), 0 Warning(s), took 34,236ms to complete.
[2015.10.23-00.17.40:086][  0]LogFileHelpers: Loading map 'Template_Default' took 0.236
[2015.10.23-00.17.40:089][  0]LogWindowsTextInputMethodSystem:Display: IME system now deactivated.
[2015.10.23-00.17.40:137][  0]LogCollectionManager: Loaded 0 collections in 0.001474 seconds
[2015.10.23-00.17.40:175][  0]LogFileCache: Scanning file cache for directory 'D:/MyGAMES/MyProject2/Saved/Collections/' took 0.01s
[2015.10.23-00.17.40:175][  0]LogFileCache: Scanning file cache for directory 'D:/MyGAMES/MyProject2/Content/Developers/liliu/Collections/' took 0.01s
[2015.10.23-00.17.40:175][  0]LogFileCache: Scanning file cache for directory 'D:/MyGAMES/MyProject2/Content/Collections/' took 0.01s
[2015.10.23-00.17.40:175][  0]LogContentBrowser: Native class hierarchy populated in 0.0060 seconds. Added 1868 classes and 336 folders.
[2015.10.23-00.17.40:180][  0]LogCollectionManager: Rebuilt the GUID cache for 0 collections in 0.000002 seconds
[2015.10.23-00.17.40:184][  0]LogContentBrowser: Native class hierarchy updated for 'WidgetCarousel' in 0.0002 seconds. Added 0 classes and 0 folders.
[2015.10.23-00.17.40:211][  0]LogContentBrowser: Native class hierarchy updated for 'AddContentDialog' in 0.0002 seconds. Added 0 classes and 0 folders.
[2015.10.23-00.17.40:214][  0]LogContentBrowser: Native class hierarchy updated for 'SceneOutliner' in 0.0002 seconds. Added 1 classes and 2 folders.
[2015.10.23-00.17.40:251][  0]LogCrashTracker: Crashtracker disabled due to settings.
[2015.10.23-00.17.40:253][  0]LogUObjectGlobals:Warning: Failed to find object 'Class None.'
[2015.10.23-00.17.40:275][  0]LogStats:Warning: MetaData mismatch. Did you assign a stat to two groups? New //STATGROUP_Threads//SplashScreenThread///Thread_bd4_0///####STATCAT_Advanced#### old //STATGROUP_Threads//SplashScreenThread///Thread_1c44_0///####STATCAT_Advanced####
[2015.10.23-00.17.40:275][  0]LogLoad: Full Startup: 20.51 seconds (BP compile: 0.03 seconds)
[2015.10.23-00.17.40:317][  0]LogContentStreaming: Texture pool size now 1000 MB
[2015.10.23-00.17.40:436][  0]LogRenderer: Reallocating scene render targets to support 1244x608 (Frame:2).
[2015.10.23-00.17.40:716][  2]LogAssetRegistry: Asset discovery search completed in 17.9321 seconds
[2015.10.23-00.17.40:716][  2]LogCollectionManager: Rebuilt the object cache for 0 collections in 0.000001 seconds (found 0 objects)
[2015.10.23-00.17.40:716][  2]LogCollectionManager: Fixed up redirectors for 0 collections in 0.000018 seconds (updated 0 objects)
[2015.10.23-00.17.44:980][475]LogProperty:Warning: Serialized Class /Script/Engine.SphereComponent for a property of Class /Script/Engine.StaticMeshComponent. Reference will be NULLed.
    Property = ObjectProperty /Game/Blueprints/Ball_Blueprint.Ball_Blueprint_C:Sphere
    Item = SphereComponent /Game/MainLVL.MainLVL:PersistentLevel.Ball_Blueprint_C_4.Sphere
[2015.10.23-00.17.45:018][475]LogAIModule: Creating AISystem for world MainLVL
[2015.10.23-00.17.45:047][475]Cmd: MAP LOAD FILE="../../../../../../MyGAMES/MyProject2/Content/MainLVL.umap" TEMPLATE=0 SHOWPROGRESS=1 FEATURELEVEL=3
[2015.10.23-00.17.45:048][475]LightingResults: New page: Lighting Build
[2015.10.23-00.17.45:060][475]LoadErrors: New page: Loading map: MainLVL.umap
[2015.10.23-00.17.45:061][475]MapCheck: New page: Map Check
[2015.10.23-00.17.45:061][475]LightingResults: New page: Lighting Build
[2015.10.23-00.17.45:068][475]LogParticles: Destroying 0 GPU particle simulations for FXSystem 0x0000005A8C1C7560
[2015.10.23-00.17.45:122][475]LogEditorServer: Finished looking for orphan Actors (0.000 secs)
[2015.10.23-00.17.45:152][475]Cmd: MAP CHECKDEP NOCLEARLOG
[2015.10.23-00.17.45:183][475]MapCheck: Info Map check complete: 0 Error(s), 0 Warning(s), took 30,034ms to complete.
[2015.10.23-00.17.45:183][475]LogFileHelpers: Loading map 'MainLVL' took 0.135
[2015.10.23-00.17.45:189][475]LoadErrors:Error: Error /Game/MainLVL : Failed import for SphereComponent /Game/Blueprints/Ball_Blueprint.Ball_Blueprint_C:Sphere_GEN_VARIABLE
[2015.10.23-00.17.45:205][476]Cmd: UpdateLandscapeEditorData -warnings
[2015.10.23-00.17.45:206][476]Cmd: UpdateLandscapeEditorData
[2015.10.23-00.17.49:191][945]LogEditorViewport: Clicking on Actor (LMB): StaticMeshActor (Floor)
[2015.10.23-00.17.51:777][238]LogBlueprintUserMessages: Early PlayInEditor Detection: Level '/Game/MainLVL.MainLVL:PersistentLevel' has LevelScriptBlueprint '/Game/MainLVL.MainLVL:PersistentLevel.MainLVL' with GeneratedClass '/Game/MainLVL.MainLVL_C' with ClassGeneratedBy '/Game/MainLVL.MainLVL:PersistentLevel.MainLVL'
[2015.10.23-00.17.51:777][238]LogPlayLevel: PlayLevel: No blueprints needed recompiling
[2015.10.23-00.17.51:777][238]PIE: New page: PIE session: MainLVL (23 Oct 2015 04:17:51)
[2015.10.23-00.17.51:777][238]LogPlayLevel: Creating play world package: /Game/UEDPIE_0_MainLVL
[2015.10.23-00.17.51:786][238]LogPlayLevel: PIE: StaticDuplicateObject took: (0.009862s)
[2015.10.23-00.17.51:786][238]LogAIModule: Creating AISystem for world MainLVL
[2015.10.23-00.17.51:787][238]LogPlayLevel: PIE: World Init took: (0.000573s)
[2015.10.23-00.17.51:787][238]LogPlayLevel: PIE: Created PIE world by copying editor world from /Game/MainLVL.MainLVL to /Game/UEDPIE_0_MainLVL.MainLVL (0.010634s)
[2015.10.23-00.17.51:787][238]LogActorComponent: UnregisterComponent: (/Engine/Transient.CharMoveComp) Not registered. Aborting.
[2015.10.23-00.17.51:802][238]LogInit: XAudio2 using 'Casque (AKG K845BT Stéréo)' : 2 channels at 44.1 kHz using 16 bits per sample (channel mask 0x3)
[2015.10.23-00.17.51:807][238]LogInit: FAudioDevice initialized.
[2015.10.23-00.17.51:850][238]LogWorld: Game class is 'MyGamemode_C'
[2015.10.23-00.17.51:859][238]LogWorld: Bringing World /Game/UEDPIE_0_MainLVL.MainLVL up for play (max tick rate 0) at 2015.10.23-02.17.51
[2015.10.23-00.17.51:859][238]LogActor:Warning: GameSession /Game/UEDPIE_0_MainLVL.MainLVL:PersistentLevel.GameSession_0 has natively added scene component(s), but none of them were set as the actor's RootComponent - picking one arbitrarily
[2015.10.23-00.17.51:859][238]LogActor:Warning: GameNetworkManager /Game/UEDPIE_0_MainLVL.MainLVL:PersistentLevel.GameNetworkManager_0 has natively added scene component(s), but none of them were set as the actor's RootComponent - picking one arbitrarily
[2015.10.23-00.17.51:860][238]LogWorld: Bringing up level for play took: 0.008707
[2015.10.23-00.17.51:862][238]PIE: Info Play in editor start time for /Game/UEDPIE_0_MainLVL -0,382
[2015.10.23-00.17.51:862][238]LogBlueprintUserMessages: Late PlayInEditor Detection: Level '/Game/MainLVL.MainLVL:PersistentLevel' has LevelScriptBlueprint '/Game/MainLVL.MainLVL:PersistentLevel.MainLVL' with GeneratedClass '/Game/MainLVL.MainLVL_C' with ClassGeneratedBy '/Game/MainLVL.MainLVL:PersistentLevel.MainLVL'
[2015.10.23-00.17.55:729][686]LogBlueprintUserMessages: Early EndPlayMap Detection: Level '/Game/MainLVL.MainLVL:PersistentLevel' has LevelScriptBlueprint '/Game/MainLVL.MainLVL:PersistentLevel.MainLVL' with GeneratedClass '/Game/MainLVL.MainLVL_C' with ClassGeneratedBy '/Game/MainLVL.MainLVL:PersistentLevel.MainLVL'
[2015.10.23-00.17.55:778][686]LogBlueprintUserMessages: Late EndPlayMap Detection: Level '/Game/MainLVL.MainLVL:PersistentLevel' has LevelScriptBlueprint '/Game/MainLVL.MainLVL:PersistentLevel.MainLVL' with GeneratedClass '/Game/MainLVL.MainLVL_C' with ClassGeneratedBy '/Game/MainLVL.MainLVL:PersistentLevel.MainLVL'
[2015.10.23-00.17.55:787][686]LogParticles: Destroying 0 GPU particle simulations for FXSystem 0x0000005ACF840FE0
[2015.10.23-00.18.02:675][408]LogLinker:Warning: Asset '../../../Engine/Content/ArtTools/RenderToTexture/Macros/RenderToTextureMacros.uasset' has been saved with empty engine version. The asset will be loaded but may be incompatible.
[2015.10.23-00.18.03:036][408]LogContentBrowser: Native class hierarchy updated for 'BlueprintGraph' in 0.0005 seconds. Added 107 classes and 0 folders.
[2015.10.23-00.18.27:250][123]LogActorComponent: UnregisterComponent: (/Engine/Transient.CharMoveComp) Not registered. Aborting.
[2015.10.23-00.18.28:819][311]BlueprintLog: New page: Compile Ball_Blueprint
[2015.10.23-00.18.28:874][311]BlueprintEditorCompileResults: Info [0069,11] Compile of Ball_Blueprint successful! [in 55 ms]
[2015.10.23-00.18.30:228][467]LogBlueprintUserMessages: Early PlayInEditor Detection: Level '/Game/MainLVL.MainLVL:PersistentLevel' has LevelScriptBlueprint '/Game/MainLVL.MainLVL:PersistentLevel.MainLVL' with GeneratedClass '/Game/MainLVL.MainLVL_C' with ClassGeneratedBy '/Game/MainLVL.MainLVL:PersistentLevel.MainLVL'
[2015.10.23-00.18.30:228][467]LogPlayLevel: PlayLevel: No blueprints needed recompiling
[2015.10.23-00.18.30:228][467]PIE: New page: PIE session: MainLVL (23 Oct 2015 04:18:30)
[2015.10.23-00.18.30:228][467]LogPlayLevel: Creating play world package: /Game/UEDPIE_0_MainLVL
[2015.10.23-00.18.30:238][467]LogPlayLevel: PIE: StaticDuplicateObject took: (0.009905s)
[2015.10.23-00.18.30:239][467]LogAIModule: Creating AISystem for world MainLVL
[2015.10.23-00.18.30:239][467]LogPlayLevel: PIE: World Init took: (0.000541s)
[2015.10.23-00.18.30:239][467]LogPlayLevel: PIE: Created PIE world by copying editor world from /Game/MainLVL.MainLVL to /Game/UEDPIE_0_MainLVL.MainLVL (0.010597s)
[2015.10.23-00.18.30:266][467]LogInit: XAudio2 using 'Casque (AKG K845BT Stéréo)' : 2 channels at 44.1 kHz using 16 bits per sample (channel mask 0x3)
[2015.10.23-00.18.30:270][467]LogInit: FAudioDevice initialized.
[2015.10.23-00.18.30:302][467]LogWorld: Game class is 'MyGamemode_C'
[2015.10.23-00.18.30:311][467]LogWorld: Bringing World /Game/UEDPIE_0_MainLVL.MainLVL up for play (max tick rate 0) at 2015.10.23-02.18.30
[2015.10.23-00.18.30:311][467]LogActor:Warning: GameSession /Game/UEDPIE_0_MainLVL.MainLVL:PersistentLevel.GameSession_1 has natively added scene component(s), but none of them were set as the actor's RootComponent - picking one arbitrarily
[2015.10.23-00.18.30:312][467]LogActor:Warning: GameNetworkManager /Game/UEDPIE_0_MainLVL.MainLVL:PersistentLevel.GameNetworkManager_1 has natively added scene component(s), but none of them were set as the actor's RootComponent - picking one arbitrarily
[2015.10.23-00.18.30:312][467]LogWorld: Bringing up level for play took: 0.009123
[2015.10.23-00.18.30:314][467]PIE: Info Play in editor start time for /Game/UEDPIE_0_MainLVL 0,07
[2015.10.23-00.18.30:314][467]LogBlueprintUserMessages: Late PlayInEditor Detection: Level '/Game/MainLVL.MainLVL:PersistentLevel' has LevelScriptBlueprint '/Game/MainLVL.MainLVL:PersistentLevel.MainLVL' with GeneratedClass '/Game/MainLVL.MainLVL_C' with ClassGeneratedBy '/Game/MainLVL.MainLVL:PersistentLevel.MainLVL'
[2015.10.23-00.18.39:000][509]LogBlueprintUserMessages: Early EndPlayMap Detection: Level '/Game/MainLVL.MainLVL:PersistentLevel' has LevelScriptBlueprint '/Game/MainLVL.MainLVL:PersistentLevel.MainLVL' with GeneratedClass '/Game/MainLVL.MainLVL_C' with ClassGeneratedBy '/Game/MainLVL.MainLVL:PersistentLevel.MainLVL'
[2015.10.23-00.18.39:052][509]LogBlueprintUserMessages: Late EndPlayMap Detection: Level '/Game/MainLVL.MainLVL:PersistentLevel' has LevelScriptBlueprint '/Game/MainLVL.MainLVL:PersistentLevel.MainLVL' with GeneratedClass '/Game/MainLVL.MainLVL_C' with ClassGeneratedBy '/Game/MainLVL.MainLVL:PersistentLevel.MainLVL'
[2015.10.23-00.18.39:070][509]LogParticles: Destroying 0 GPU particle simulations for FXSystem 0x0000005AD5B711C0
[2015.10.23-00.18.43:228][993]Cmd: OBJ SAVEPACKAGE PACKAGE="/Game/MainLVL" FILE="../../../../../../MyGAMES/MyProject2/Content/MainLVL.umap" SILENT=true AUTOSAVING=false KEEPDIRTY=false
[2015.10.23-00.18.43:504][993]LogSavePackage: Save=228.585587ms
[2015.10.23-00.18.43:504][993]LogSavePackage: Moving '../../../../../../MyGAMES/MyProject2/Saved/MainLVLF76264FF4A979375BD62DEA5253E7EA0.tmp' to '../../../../../../MyGAMES/MyProject2/Content/MainLVL.umap'
[2015.10.23-00.18.43:507][993]LogSavePackage: Total save time: 259.813506ms
[2015.10.23-00.18.43:507][993]LogSavePackage:Warning: Finished SavePackage ../../../../../../MyGAMES/MyProject2/Content/MainLVL.umap
[2015.10.23-00.18.43:535][993]LogFileHelpers: Saving map 'MainLVL' took 0.345
[2015.10.23-00.18.43:553][993]Cmd: OBJ SAVEPACKAGE PACKAGE="/Game/Blueprints/Ball_Blueprint" FILE="../../../../../../MyGAMES/MyProject2/Content/Blueprints/Ball_Blueprint.uasset" SILENT=true
[2015.10.23-00.18.43:578][993]LogSavePackage: Save=17.246729ms
[2015.10.23-00.18.43:578][993]LogSavePackage: Moving '../../../../../../MyGAMES/MyProject2/Saved/Ball_Blueprint4B8D725A43FD280743A91DB7C0BDDBA7.tmp' to '../../../../../../MyGAMES/MyProject2/Content/Blueprints/Ball_Blueprint.uasset'
[2015.10.23-00.18.43:579][993]LogSavePackage: Total save time: 25.598478ms
[2015.10.23-00.18.43:579][993]LogSavePackage:Warning: Finished SavePackage ../../../../../../MyGAMES/MyProject2/Content/Blueprints/Ball_Blueprint.uasset
[2015.10.23-00.19.04:672][704]LogMaterial: Missing cached shader map for material Ball_Mat, compiling. 
[2015.10.23-00.19.04:743][704]LogMaterial: Missing cached shader map for material Ball_Mat, compiling. 
[2015.10.23-00.19.04:747][704]LogMaterial: 0.000020 seconds spent updating 1 materials, 1 interfaces, 0 instances, 0 with static permutations.
[2015.10.23-00.19.05:621][748]MaterialEditorStats: Info Base pass shader with only dynamic lighting: 31 instructions
[2015.10.23-00.19.05:621][748]MaterialEditorStats: Info Vertex shader: 31 instructions
[2015.10.23-00.19.05:621][748]MaterialEditorStats: Info Texture samplers: 0/16
[2015.10.23-00.19.21:232][359]LogMaterial: Missing cached shader map for material Ball_Mat, compiling. 
[2015.10.23-00.19.21:237][359]LogMaterial: 0.000107 seconds spent updating 1 materials, 1 interfaces, 0 instances, 0 with static permutations.
[2015.10.23-00.19.21:238][359]LogMaterial: Missing cached shader map for material FMatExpressionPreview MaterialExpressionConstant3Vector_0, compiling. 
[2015.10.23-00.19.21:757][404]MaterialEditorStats: Info Base pass shader with only dynamic lighting: 31 instructions
[2015.10.23-00.19.21:757][404]MaterialEditorStats: Info Vertex shader: 31 instructions
[2015.10.23-00.19.21:757][404]MaterialEditorStats: Info Texture samplers: 0/16
[2015.10.23-00.19.32:609][324]LogMaterial: Missing cached shader map for material Ball_Mat, compiling. 
[2015.10.23-00.19.32:612][324]LogMaterial: 0.000033 seconds spent updating 1 materials, 1 interfaces, 0 instances, 0 with static permutations.
[2015.10.23-00.19.32:637][324]LogMaterial: Missing cached shader map for material FMatExpressionPreview MaterialExpressionConstant3Vector_0, compiling. 
[2015.10.23-00.19.33:167][368]MaterialEditorStats: Info Base pass shader with only dynamic lighting: 31 instructions
[2015.10.23-00.19.33:167][368]MaterialEditorStats: Info Vertex shader: 31 instructions
[2015.10.23-00.19.33:167][368]MaterialEditorStats: Info Texture samplers: 0/16
[2015.10.23-00.19.35:206][574]LogMaterial: Missing cached shader map for material Ball_Mat, compiling. 
[2015.10.23-00.19.35:210][574]LogMaterial: 0.000051 seconds spent updating 1 materials, 1 interfaces, 0 instances, 0 with static permutations.
[2015.10.23-00.19.35:234][574]LogMaterial: Missing cached shader map for material FMatExpressionPreview MaterialExpressionConstant3Vector_0, compiling. 
[2015.10.23-00.19.35:755][620]MaterialEditorStats: Info Base pass shader with only dynamic lighting: 31 instructions
[2015.10.23-00.19.35:755][620]MaterialEditorStats: Info Vertex shader: 31 instructions
[2015.10.23-00.19.35:755][620]MaterialEditorStats: Info Texture samplers: 0/16
[2015.10.23-00.19.50:150][947]LogMaterial: Missing cached shader map for material Ball_Mat, compiling. 
[2015.10.23-00.19.50:154][947]LogMaterial: 0.000046 seconds spent updating 1 materials, 1 interfaces, 0 instances, 0 with static permutations.
[2015.10.23-00.19.50:689][992]MaterialEditorStats: Info Base pass shader with only dynamic lighting: 31 instructions
[2015.10.23-00.19.50:689][992]MaterialEditorStats: Info Vertex shader: 31 instructions
[2015.10.23-00.19.50:689][992]MaterialEditorStats: Info Texture samplers: 0/16
[2015.10.23-00.19.53:161][208]LogMaterialEditor: Saving and Compiling material Ball_Mat
[2015.10.23-00.19.53:611][208]LogMaterial: Missing cached shader map for material Ball_Mat, compiling. 
[2015.10.23-00.19.53:627][208]LogMaterial: 0.000130 seconds spent updating 1 materials, 1 interfaces, 0 instances, 0 with static permutations.
[2015.10.23-00.19.53:644][208]LogMaterial: Missing cached shader map for material Ball_Mat, compiling. 
[2015.10.23-00.19.53:662][208]LogMaterial: Missing cached shader map for material Ball_Mat, compiling. 
[2015.10.23-00.19.53:669][208]LogMaterial: 0.000735 seconds spent updating 1 materials, 1 interfaces, 0 instances, 0 with static permutations.
[2015.10.23-00.19.55:072][208]Cmd: OBJ SAVEPACKAGE PACKAGE="/Game/Blueprints/Ball_Mat" FILE="../../../../../../MyGAMES/MyProject2/Content/Blueprints/Ball_Mat.uasset" SILENT=true
[2015.10.23-00.19.55:082][208]LogSavePackage: Save=9.257477ms
[2015.10.23-00.19.55:082][208]LogSavePackage: Moving '../../../../../../MyGAMES/MyProject2/Saved/Ball_Mat49D496174D33E02B78F5AABF67913610.tmp' to '../../../../../../MyGAMES/MyProject2/Content/Blueprints/Ball_Mat.uasset'
[2015.10.23-00.19.55:083][208]LogSavePackage: Total save time: 10.309383ms
[2015.10.23-00.19.55:083][208]LogSavePackage:Warning: Finished SavePackage ../../../../../../MyGAMES/MyProject2/Content/Blueprints/Ball_Mat.uasset
[2015.10.23-00.19.55:087][208]MaterialEditorStats: Info Base pass shader with only dynamic lighting: 60 instructions
[2015.10.23-00.19.55:087][208]MaterialEditorStats: Info Vertex shader: 31 instructions
[2015.10.23-00.19.55:087][208]MaterialEditorStats: Info Texture samplers: 3/16
[2015.10.23-00.19.56:493][338]LogMaterialEditor: Saving and Compiling material Ball_Mat
[2015.10.23-00.19.56:521][338]Cmd: OBJ SAVEPACKAGE PACKAGE="/Game/Blueprints/Ball_Mat" FILE="../../../../../../MyGAMES/MyProject2/Content/Blueprints/Ball_Mat.uasset" SILENT=true
[2015.10.23-00.19.56:531][338]LogSavePackage: Save=2.893313ms
[2015.10.23-00.19.56:531][338]LogSavePackage: Moving '../../../../../../MyGAMES/MyProject2/Saved/Ball_Mat7607DACE4DBA644768C5E1BC58E35CDE.tmp' to '../../../../../../MyGAMES/MyProject2/Content/Blueprints/Ball_Mat.uasset'
[2015.10.23-00.19.56:531][338]LogSavePackage: Total save time: 9.357829ms
[2015.10.23-00.19.56:531][338]LogSavePackage:Warning: Finished SavePackage ../../../../../../MyGAMES/MyProject2/Content/Blueprints/Ball_Mat.uasset
[2015.10.23-00.20.08:886][723]LogActorComponent: UnregisterComponent: (/Engine/Transient.CharMoveComp) Not registered. Aborting.
[2015.10.23-00.20.10:421][892]BlueprintLog: New page: Compile Ball_Blueprint
[2015.10.23-00.20.10:471][892]LogParticles: Destroying 0 GPU particle simulations for FXSystem 0x0000005AD9C3DB20
[2015.10.23-00.20.10:476][892]BlueprintEditorCompileResults: Info [0170,71] Compile of Ball_Blueprint successful! [in 54 ms]
[2015.10.23-00.20.11:033][953]Cmd: OBJ SAVEPACKAGE PACKAGE="/Game/Blueprints/Ball_Blueprint" FILE="../../../../../../MyGAMES/MyProject2/Content/Blueprints/Ball_Blueprint.uasset" SILENT=true
[2015.10.23-00.20.11:057][953]LogSavePackage: Save=17.727497ms
[2015.10.23-00.20.11:057][953]LogSavePackage: Moving '../../../../../../MyGAMES/MyProject2/Saved/Ball_BlueprintE7D335DB42CFC3E66F4FBA9289D5A630.tmp' to '../../../../../../MyGAMES/MyProject2/Content/Blueprints/Ball_Blueprint.uasset'
[2015.10.23-00.20.11:058][953]LogSavePackage: Total save time: 23.626253ms
[2015.10.23-00.20.11:058][953]LogSavePackage:Warning: Finished SavePackage ../../../../../../MyGAMES/MyProject2/Content/Blueprints/Ball_Blueprint.uasset
[2015.10.23-00.20.13:066][192]LogBlueprintUserMessages: Early PlayInEditor Detection: Level '/Game/MainLVL.MainLVL:PersistentLevel' has LevelScriptBlueprint '/Game/MainLVL.MainLVL:PersistentLevel.MainLVL' with GeneratedClass '/Game/MainLVL.MainLVL_C' with ClassGeneratedBy '/Game/MainLVL.MainLVL:PersistentLevel.MainLVL'
[2015.10.23-00.20.13:066][192]LogPlayLevel: PlayLevel: No blueprints needed recompiling
[2015.10.23-00.20.13:066][192]PIE: New page: PIE session: MainLVL (23 Oct 2015 04:20:13)
[2015.10.23-00.20.13:066][192]LogPlayLevel: Creating play world package: /Game/UEDPIE_0_MainLVL
[2015.10.23-00.20.13:076][192]LogPlayLevel: PIE: StaticDuplicateObject took: (0.009382s)
[2015.10.23-00.20.13:076][192]LogAIModule: Creating AISystem for world MainLVL
[2015.10.23-00.20.13:076][192]LogPlayLevel: PIE: World Init took: (0.000509s)
[2015.10.23-00.20.13:076][192]LogPlayLevel: PIE: Created PIE world by copying editor world from /Game/MainLVL.MainLVL to /Game/UEDPIE_0_MainLVL.MainLVL (0.010030s)
[2015.10.23-00.20.13:103][192]LogInit: XAudio2 using 'Casque (AKG K845BT Stéréo)' : 2 channels at 44.1 kHz using 16 bits per sample (channel mask 0x3)
[2015.10.23-00.20.13:107][192]LogInit: FAudioDevice initialized.
[2015.10.23-00.20.13:139][192]LogWorld: Game class is 'MyGamemode_C'
[2015.10.23-00.20.13:148][192]LogWorld: Bringing World /Game/UEDPIE_0_MainLVL.MainLVL up for play (max tick rate 0) at 2015.10.23-02.20.13
[2015.10.23-00.20.13:148][192]LogActor:Warning: GameSession /Game/UEDPIE_0_MainLVL.MainLVL:PersistentLevel.GameSession_2 has natively added scene component(s), but none of them were set as the actor's RootComponent - picking one arbitrarily
[2015.10.23-00.20.13:148][192]LogActor:Warning: GameNetworkManager /Game/UEDPIE_0_MainLVL.MainLVL:PersistentLevel.GameNetworkManager_2 has natively added scene component(s), but none of them were set as the actor's RootComponent - picking one arbitrarily
[2015.10.23-00.20.13:149][192]LogWorld: Bringing up level for play took: 0.008572
[2015.10.23-00.20.13:150][192]PIE: Info Play in editor start time for /Game/UEDPIE_0_MainLVL 0,907
[2015.10.23-00.20.13:151][192]LogBlueprintUserMessages: Late PlayInEditor Detection: Level '/Game/MainLVL.MainLVL:PersistentLevel' has LevelScriptBlueprint '/Game/MainLVL.MainLVL:PersistentLevel.MainLVL' with GeneratedClass '/Game/MainLVL.MainLVL_C' with ClassGeneratedBy '/Game/MainLVL.MainLVL:PersistentLevel.MainLVL'
[2015.10.23-00.20.42:293][686]LogBlueprintUserMessages: Early EndPlayMap Detection: Level '/Game/MainLVL.MainLVL:PersistentLevel' has LevelScriptBlueprint '/Game/MainLVL.MainLVL:PersistentLevel.MainLVL' with GeneratedClass '/Game/MainLVL.MainLVL_C' with ClassGeneratedBy '/Game/MainLVL.MainLVL:PersistentLevel.MainLVL'
[2015.10.23-00.20.42:345][686]LogBlueprintUserMessages: Late EndPlayMap Detection: Level '/Game/MainLVL.MainLVL:PersistentLevel' has LevelScriptBlueprint '/Game/MainLVL.MainLVL:PersistentLevel.MainLVL' with GeneratedClass '/Game/MainLVL.MainLVL_C' with ClassGeneratedBy '/Game/MainLVL.MainLVL:PersistentLevel.MainLVL'
[2015.10.23-00.20.42:364][686]LogParticles: Destroying 0 GPU particle simulations for FXSystem 0x0000005ACD0D23E0
[2015.10.23-00.20.51:424][746]BlueprintLog: New page: Compile Ball_Blueprint
[2015.10.23-00.20.51:478][746]BlueprintEditorCompileResults: Info [0211,71] Compile of Ball_Blueprint successful! [in 53 ms]
[2015.10.23-00.20.52:802][900]LogBlueprintUserMessages: Early PlayInEditor Detection: Level '/Game/MainLVL.MainLVL:PersistentLevel' has LevelScriptBlueprint '/Game/MainLVL.MainLVL:PersistentLevel.MainLVL' with GeneratedClass '/Game/MainLVL.MainLVL_C' with ClassGeneratedBy '/Game/MainLVL.MainLVL:PersistentLevel.MainLVL'
[2015.10.23-00.20.52:802][900]LogPlayLevel: PlayLevel: No blueprints needed recompiling
[2015.10.23-00.20.52:802][900]PIE: New page: PIE session: MainLVL (23 Oct 2015 04:20:52)
[2015.10.23-00.20.52:802][900]LogPlayLevel: Creating play world package: /Game/UEDPIE_0_MainLVL
[2015.10.23-00.20.52:811][900]LogPlayLevel: PIE: StaticDuplicateObject took: (0.008920s)
[2015.10.23-00.20.52:812][900]LogAIModule: Creating AISystem for world MainLVL
[2015.10.23-00.20.52:812][900]LogPlayLevel: PIE: World Init took: (0.000585s)
[2015.10.23-00.20.52:812][900]LogPlayLevel: PIE: Created PIE world by copying editor world from /Game/MainLVL.MainLVL to /Game/UEDPIE_0_MainLVL.MainLVL (0.009691s)
[2015.10.23-00.20.52:838][900]LogInit: XAudio2 using 'Casque (AKG K845BT Stéréo)' : 2 channels at 44.1 kHz using 16 bits per sample (channel mask 0x3)
[2015.10.23-00.20.52:841][900]LogInit: FAudioDevice initialized.
[2015.10.23-00.20.52:871][900]LogWorld: Game class is 'MyGamemode_C'
[2015.10.23-00.20.52:880][900]LogWorld: Bringing World /Game/UEDPIE_0_MainLVL.MainLVL up for play (max tick rate 0) at 2015.10.23-02.20.52
[2015.10.23-00.20.52:880][900]LogActor:Warning: GameSession /Game/UEDPIE_0_MainLVL.MainLVL:PersistentLevel.GameSession_3 has natively added scene component(s), but none of them were set as the actor's RootComponent - picking one arbitrarily
[2015.10.23-00.20.52:880][900]LogActor:Warning: GameNetworkManager /Game/UEDPIE_0_MainLVL.MainLVL:PersistentLevel.GameNetworkManager_3 has natively added scene component(s), but none of them were set as the actor's RootComponent - picking one arbitrarily
[2015.10.23-00.20.52:880][900]LogWorld: Bringing up level for play took: 0.008460
[2015.10.23-00.20.52:882][900]PIE: Info Play in editor start time for /Game/UEDPIE_0_MainLVL 0,638
[2015.10.23-00.20.52:882][900]LogBlueprintUserMessages: Late PlayInEditor Detection: Level '/Game/MainLVL.MainLVL:PersistentLevel' has LevelScriptBlueprint '/Game/MainLVL.MainLVL:PersistentLevel.MainLVL' with GeneratedClass '/Game/MainLVL.MainLVL_C' with ClassGeneratedBy '/Game/MainLVL.MainLVL:PersistentLevel.MainLVL'
[2015.10.23-00.21.03:244][143]LogBlueprintUserMessages: Early EndPlayMap Detection: Level '/Game/MainLVL.MainLVL:PersistentLevel' has LevelScriptBlueprint '/Game/MainLVL.MainLVL:PersistentLevel.MainLVL' with GeneratedClass '/Game/MainLVL.MainLVL_C' with ClassGeneratedBy '/Game/MainLVL.MainLVL:PersistentLevel.MainLVL'
[2015.10.23-00.21.03:294][143]LogBlueprintUserMessages: Late EndPlayMap Detection: Level '/Game/MainLVL.MainLVL:PersistentLevel' has LevelScriptBlueprint '/Game/MainLVL.MainLVL:PersistentLevel.MainLVL' with GeneratedClass '/Game/MainLVL.MainLVL_C' with ClassGeneratedBy '/Game/MainLVL.MainLVL:PersistentLevel.MainLVL'
[2015.10.23-00.21.03:312][143]LogParticles: Destroying 0 GPU particle simulations for FXSystem 0x0000005ADDB81260
[2015.10.23-00.21.18:892][977]LogMaterial: Missing cached shader map for material PreviewMaterial_0, compiling. 
[2015.10.23-00.21.18:968][977]LogMaterial: Missing cached shader map for material PreviewMaterial_0, compiling. 
[2015.10.23-00.21.18:972][977]LogMaterial: 0.000085 seconds spent updating 1 materials, 1 interfaces, 0 instances, 0 with static permutations.
[2015.10.23-00.21.18:995][977]LogMaterial: Missing cached shader map for material FMatExpressionPreview MaterialExpressionConstant3Vector_0, compiling. 
[2015.10.23-00.21.19:856][ 48]MaterialEditorStats: Info Base pass shader with only dynamic lighting: 31 instructions
[2015.10.23-00.21.19:856][ 48]MaterialEditorStats: Info Vertex shader: 31 instructions
[2015.10.23-00.21.19:856][ 48]MaterialEditorStats: Info Texture samplers: 0/16
[2015.10.23-00.21.31:295][246]LogMaterial: Missing cached shader map for material PreviewMaterial_0, compiling. 
[2015.10.23-00.21.31:308][246]LogMaterial: Missing cached shader map for material PreviewMaterial_0, compiling. 
[2015.10.23-00.21.31:313][246]LogMaterial: 0.000030 seconds spent updating 1 materials, 1 interfaces, 0 instances, 0 with static permutations.
[2015.10.23-00.21.32:744][380]MaterialEditorStats: Info Base pass shader with only dynamic lighting: 25 instructions
[2015.10.23-00.21.32:744][380]MaterialEditorStats: Info Base pass shader for self shadowed translucency: 60 instructions
[2015.10.23-00.21.32:744][380]MaterialEditorStats: Info Vertex shader: 68 instructions
[2015.10.23-00.21.32:744][380]MaterialEditorStats: Info Texture samplers: 4/16
[2015.10.23-00.21.46:206][829]LogMaterialEditor: Applying material Ball_Mat
[2015.10.23-00.21.46:661][829]LogMaterial: Missing cached shader map for material PreviewMaterial_0, compiling. 
[2015.10.23-00.21.46:679][829]LogMaterial: 0.000077 seconds spent updating 1 materials, 1 interfaces, 0 instances, 0 with static permutations.
[2015.10.23-00.21.46:703][829]LogMaterial: Missing cached shader map for material Ball_Mat, compiling. 
[2015.10.23-00.21.46:721][829]LogMaterial: Missing cached shader map for material Ball_Mat, compiling. 
[2015.10.23-00.21.46:729][829]LogMaterial: 0.000750 seconds spent updating 1 materials, 1 interfaces, 0 instances, 0 with static permutations.
[2015.10.23-00.21.47:444][891]LogMaterialEditor: Saving and Compiling material Ball_Mat
[2015.10.23-00.21.49:710][891]Cmd: OBJ SAVEPACKAGE PACKAGE="/Game/Blueprints/Ball_Mat" FILE="../../../../../../MyGAMES/MyProject2/Content/Blueprints/Ball_Mat.uasset" SILENT=true
[2015.10.23-00.21.49:723][891]LogSavePackage: Save=8.128004ms
[2015.10.23-00.21.49:723][891]LogSavePackage: Moving '../../../../../../MyGAMES/MyProject2/Saved/Ball_MatBE55BF7C4D8C8B754914358FE1F7B5DD.tmp' to '../../../../../../MyGAMES/MyProject2/Content/Blueprints/Ball_Mat.uasset'
[2015.10.23-00.21.49:724][891]LogSavePackage: Total save time: 12.817670ms
[2015.10.23-00.21.49:724][891]LogSavePackage:Warning: Finished SavePackage ../../../../../../MyGAMES/MyProject2/Content/Blueprints/Ball_Mat.uasset
[2015.10.23-00.21.49:727][891]MaterialEditorStats: Info Base pass shader with only dynamic lighting: 41 instructions
[2015.10.23-00.21.49:727][891]MaterialEditorStats: Info Base pass shader for self shadowed translucency: 77 instructions
[2015.10.23-00.21.49:727][891]MaterialEditorStats: Info Vertex shader: 68 instructions
[2015.10.23-00.21.49:727][891]MaterialEditorStats: Info Texture samplers: 4/16
[2015.10.23-00.21.50:649][981]LogMaterialEditor: Saving and Compiling material Ball_Mat
[2015.10.23-00.21.50:668][981]Cmd: OBJ SAVEPACKAGE PACKAGE="/Game/Blueprints/Ball_Mat" FILE="../../../../../../MyGAMES/MyProject2/Content/Blueprints/Ball_Mat.uasset" SILENT=true
[2015.10.23-00.21.50:677][981]LogSavePackage: Save=4.767490ms
[2015.10.23-00.21.50:677][981]LogSavePackage: Moving '../../../../../../MyGAMES/MyProject2/Saved/Ball_MatF9C3558745071D64E4CBEFB019F04D2C.tmp' to '../../../../../../MyGAMES/MyProject2/Content/Blueprints/Ball_Mat.uasset'
[2015.10.23-00.21.50:677][981]LogSavePackage: Total save time: 8.743171ms
[2015.10.23-00.21.50:677][981]LogSavePackage:Warning: Finished SavePackage ../../../../../../MyGAMES/MyProject2/Content/Blueprints/Ball_Mat.uasset
[2015.10.23-00.21.58:366][850]LogBlueprintUserMessages: Early PlayInEditor Detection: Level '/Game/MainLVL.MainLVL:PersistentLevel' has LevelScriptBlueprint '/Game/MainLVL.MainLVL:PersistentLevel.MainLVL' with GeneratedClass '/Game/MainLVL.MainLVL_C' with ClassGeneratedBy '/Game/MainLVL.MainLVL:PersistentLevel.MainLVL'
[2015.10.23-00.21.58:367][850]LogPlayLevel: PlayLevel: No blueprints needed recompiling
[2015.10.23-00.21.58:367][850]PIE: New page: PIE session: MainLVL (23 Oct 2015 04:21:58)
[2015.10.23-00.21.58:367][850]LogPlayLevel: Creating play world package: /Game/UEDPIE_0_MainLVL
[2015.10.23-00.21.58:377][850]LogPlayLevel: PIE: StaticDuplicateObject took: (0.010158s)
[2015.10.23-00.21.58:377][850]LogAIModule: Creating AISystem for world MainLVL
[2015.10.23-00.21.58:377][850]LogPlayLevel: PIE: World Init took: (0.000502s)
[2015.10.23-00.21.58:377][850]LogPlayLevel: PIE: Created PIE world by copying editor world from /Game/MainLVL.MainLVL to /Game/UEDPIE_0_MainLVL.MainLVL (0.010845s)
[2015.10.23-00.21.58:404][850]LogParticles: Destroying 0 GPU particle simulations for FXSystem 0x0000005AA6C04E00
[2015.10.23-00.21.58:404][850]LogInit: XAudio2 using 'Casque (AKG K845BT Stéréo)' : 2 channels at 44.1 kHz using 16 bits per sample (channel mask 0x3)
[2015.10.23-00.21.58:408][850]LogInit: FAudioDevice initialized.
[2015.10.23-00.21.58:437][850]LogWorld: Game class is 'MyGamemode_C'
[2015.10.23-00.21.58:447][850]LogWorld: Bringing World /Game/UEDPIE_0_MainLVL.MainLVL up for play (max tick rate 0) at 2015.10.23-02.21.58
[2015.10.23-00.21.58:447][850]LogActor:Warning: GameSession /Game/UEDPIE_0_MainLVL.MainLVL:PersistentLevel.GameSession_4 has natively added scene component(s), but none of them were set as the actor's RootComponent - picking one arbitrarily
[2015.10.23-00.21.58:447][850]LogActor:Warning: GameNetworkManager /Game/UEDPIE_0_MainLVL.MainLVL:PersistentLevel.GameNetworkManager_4 has natively added scene component(s), but none of them were set as the actor's RootComponent - picking one arbitrarily
[2015.10.23-00.21.58:447][850]LogWorld: Bringing up level for play took: 0.008973
[2015.10.23-00.21.58:449][850]PIE: Info Play in editor start time for /Game/UEDPIE_0_MainLVL 0,206
[2015.10.23-00.21.58:449][850]LogBlueprintUserMessages: Late PlayInEditor Detection: Level '/Game/MainLVL.MainLVL:PersistentLevel' has LevelScriptBlueprint '/Game/MainLVL.MainLVL:PersistentLevel.MainLVL' with GeneratedClass '/Game/MainLVL.MainLVL_C' with ClassGeneratedBy '/Game/MainLVL.MainLVL:PersistentLevel.MainLVL'
[2015.10.23-00.22.14:338][754]LogBlueprintUserMessages: Early EndPlayMap Detection: Level '/Game/MainLVL.MainLVL:PersistentLevel' has LevelScriptBlueprint '/Game/MainLVL.MainLVL:PersistentLevel.MainLVL' with GeneratedClass '/Game/MainLVL.MainLVL_C' with ClassGeneratedBy '/Game/MainLVL.MainLVL:PersistentLevel.MainLVL'
[2015.10.23-00.22.14:389][754]LogBlueprintUserMessages: Late EndPlayMap Detection: Level '/Game/MainLVL.MainLVL:PersistentLevel' has LevelScriptBlueprint '/Game/MainLVL.MainLVL:PersistentLevel.MainLVL' with GeneratedClass '/Game/MainLVL.MainLVL_C' with ClassGeneratedBy '/Game/MainLVL.MainLVL:PersistentLevel.MainLVL'
[2015.10.23-00.22.14:408][754]LogParticles: Destroying 0 GPU particle simulations for FXSystem 0x0000005ACDBA54E0
[2015.10.23-00.22.16:619][  7]Cmd: OBJ SAVEPACKAGE PACKAGE="/Game/MainLVL" FILE="../../../../../../MyGAMES/MyProject2/Content/MainLVL.umap" SILENT=true AUTOSAVING=false KEEPDIRTY=false
[2015.10.23-00.22.16:843][  7]LogSavePackage: Save=203.036011ms
[2015.10.23-00.22.16:843][  7]LogSavePackage: Moving '../../../../../../MyGAMES/MyProject2/Saved/MainLVL63683EBF4AB1F98025046089D5F9E93B.tmp' to '../../../../../../MyGAMES/MyProject2/Content/MainLVL.umap'
[2015.10.23-00.22.16:844][  7]LogSavePackage: Total save time: 207.864936ms
[2015.10.23-00.22.16:844][  7]LogSavePackage:Warning: Finished SavePackage ../../../../../../MyGAMES/MyProject2/Content/MainLVL.umap
[2015.10.23-00.22.16:873][  7]LogFileHelpers: Saving map 'MainLVL' took 0.292
[2015.10.23-00.22.16:891][  7]Cmd: OBJ SAVEPACKAGE PACKAGE="/Game/Blueprints/Ball_Blueprint" FILE="../../../../../../MyGAMES/MyProject2/Content/Blueprints/Ball_Blueprint.uasset" SILENT=true
[2015.10.23-00.22.16:914][  7]LogSavePackage: Save=17.277962ms
[2015.10.23-00.22.16:914][  7]LogSavePackage: Moving '../../../../../../MyGAMES/MyProject2/Saved/Ball_Blueprint6A35AAD540AA8F34816C51A332E1922F.tmp' to '../../../../../../MyGAMES/MyProject2/Content/Blueprints/Ball_Blueprint.uasset'
[2015.10.23-00.22.16:915][  7]LogSavePackage: Total save time: 22.741772ms
[2015.10.23-00.22.16:915][  7]LogSavePackage:Warning: Finished SavePackage ../../../../../../MyGAMES/MyProject2/Content/Blueprints/Ball_Blueprint.uasset
[2015.10.23-00.22.22:645][662]LogMaterial: Missing cached shader map for material PreviewMaterial_1, compiling. 
[2015.10.23-00.22.22:712][662]LogMaterial: Missing cached shader map for material PreviewMaterial_1, compiling. 
[2015.10.23-00.22.22:717][662]LogMaterial: 0.000074 seconds spent updating 1 materials, 1 interfaces, 0 instances, 0 with static permutations.
[2015.10.23-00.22.22:740][662]LogMaterial: Missing cached shader map for material FMatExpressionPreview MaterialExpressionConstant3Vector_0, compiling. 
[2015.10.23-00.22.24:481][819]MaterialEditorStats: Info Base pass shader with only dynamic lighting: 25 instructions
[2015.10.23-00.22.24:481][819]MaterialEditorStats: Info Base pass shader for self shadowed translucency: 60 instructions
[2015.10.23-00.22.24:481][819]MaterialEditorStats: Info Vertex shader: 68 instructions
[2015.10.23-00.22.24:481][819]MaterialEditorStats: Info Texture samplers: 4/16
[2015.10.23-00.22.28:301][252]LogMaterial: Missing cached shader map for material PreviewMaterial_1, compiling. 
[2015.10.23-00.22.28:314][252]LogMaterial: Missing cached shader map for material PreviewMaterial_1, compiling. 
[2015.10.23-00.22.28:319][252]LogMaterial: 0.000120 seconds spent updating 1 materials, 1 interfaces, 0 instances, 0 with static permutations.
[2015.10.23-00.22.28:816][295]MaterialEditorStats: Info Base pass shader with only dynamic lighting: 31 instructions
[2015.10.23-00.22.28:816][295]MaterialEditorStats: Info Vertex shader: 31 instructions
[2015.10.23-00.22.28:816][295]MaterialEditorStats: Info Texture samplers: 0/16
[2015.10.23-00.22.44:162][925]LogMaterialEditor: Applying material Ball_Mat
[2015.10.23-00.22.44:634][925]LogMaterial: Missing cached shader map for material PreviewMaterial_1, compiling. 
[2015.10.23-00.22.44:650][925]LogMaterial: 0.000039 seconds spent updating 1 materials, 1 interfaces, 0 instances, 0 with static permutations.
[2015.10.23-00.22.44:669][925]LogMaterial: Missing cached shader map for material Ball_Mat, compiling. 
[2015.10.23-00.22.44:691][925]LogMaterial: Missing cached shader map for material Ball_Mat, compiling. 
[2015.10.23-00.22.44:699][925]LogMaterial: 0.000776 seconds spent updating 1 materials, 1 interfaces, 0 instances, 0 with static permutations.
[2015.10.23-00.22.45:189][968]LogMaterialEditor: Saving and Compiling material Ball_Mat
[2015.10.23-00.22.46:075][968]Cmd: OBJ SAVEPACKAGE PACKAGE="/Game/Blueprints/Ball_Mat" FILE="../../../../../../MyGAMES/MyProject2/Content/Blueprints/Ball_Mat.uasset" SILENT=true
[2015.10.23-00.22.46:090][968]LogSavePackage: Save=9.363973ms
[2015.10.23-00.22.46:090][968]LogSavePackage: Moving '../../../../../../MyGAMES/MyProject2/Saved/Ball_Mat0B260CC44765AFD792A1D48E1B911749.tmp' to '../../../../../../MyGAMES/MyProject2/Content/Blueprints/Ball_Mat.uasset'
[2015.10.23-00.22.46:091][968]LogSavePackage: Total save time: 14.386181ms
[2015.10.23-00.22.46:091][968]LogSavePackage:Warning: Finished SavePackage ../../../../../../MyGAMES/MyProject2/Content/Blueprints/Ball_Mat.uasset
[2015.10.23-00.22.46:093][968]MaterialEditorStats: Info Base pass shader with only dynamic lighting: 60 instructions
[2015.10.23-00.22.46:093][968]MaterialEditorStats: Info Vertex shader: 31 instructions
[2015.10.23-00.22.46:093][968]MaterialEditorStats: Info Texture samplers: 3/16
[2015.10.23-00.24.07:113][746]LogActorComponent: UnregisterComponent: (/Engine/Transient.CharMoveComp) Not registered. Aborting.
[2015.10.23-00.24.07:135][746]LogParticles: Destroying 0 GPU particle simulations for FXSystem 0x0000005ACCB58540
[2015.10.23-00.24.08:616][746]LogObjectTools:Warning: ForceReplaceReferences replaced references for a transient object 'PreviewMaterial_1' or package '/Engine/Transient'.
[2015.10.23-00.24.08:706][746]LogParticles: Destroying 0 GPU particle simulations for FXSystem 0x0000005ACFB25260
[2015.10.23-00.24.10:726][838]LogActorComponent: UnregisterComponent: (/Engine/Transient.CharMoveComp) Not registered. Aborting.
[2015.10.23-00.24.12:761][838]Cmd: OBJ SAVEPACKAGE PACKAGE="/Game/Blueprints/Ball_Mat" FILE="../../../../../../MyGAMES/MyProject2/Content/Blueprints/Ball_Mat.uasset" SILENT=true
[2015.10.23-00.24.12:776][838]LogSavePackage: Save=9.845765ms
[2015.10.23-00.24.12:776][838]LogSavePackage: Moving '../../../../../../MyGAMES/MyProject2/Saved/Ball_MatA7BB3E5043C492389B2BD993DEE0CFF2.tmp' to '../../../../../../MyGAMES/MyProject2/Content/Blueprints/Ball_Mat.uasset'
[2015.10.23-00.24.12:777][838]LogSavePackage: Total save time: 14.895625ms
[2015.10.23-00.24.12:777][838]LogSavePackage:Warning: Finished SavePackage ../../../../../../MyGAMES/MyProject2/Content/Blueprints/Ball_Mat.uasset
[2015.10.23-00.24.12:818][838]Cmd: OBJ SAVEPACKAGE PACKAGE="/Game/MainLVL" FILE="../../../../../../MyGAMES/MyProject2/Content/MainLVL.umap" SILENT=true AUTOSAVING=false KEEPDIRTY=false
[2015.10.23-00.24.13:044][838]LogSavePackage: Save=200.471909ms
[2015.10.23-00.24.13:044][838]LogSavePackage: Moving '../../../../../../MyGAMES/MyProject2/Saved/MainLVL903A61B945FB1B0A47E5AB9B0DD8C6A6.tmp' to '../../../../../../MyGAMES/MyProject2/Content/MainLVL.umap'
[2015.10.23-00.24.13:045][838]LogSavePackage: Total save time: 209.096555ms
[2015.10.23-00.24.13:045][838]LogSavePackage:Warning: Finished SavePackage ../../../../../../MyGAMES/MyProject2/Content/MainLVL.umap
[2015.10.23-00.24.13:073][838]LogFileHelpers: Saving map 'MainLVL' took 0.295
[2015.10.23-00.24.19:052][274]LogMaterial: Missing cached shader map for material Ball_Mat, compiling. 
[2015.10.23-00.24.19:123][274]LogMaterial: Missing cached shader map for material Ball_Mat, compiling. 
[2015.10.23-00.24.19:128][274]LogMaterial: 0.000056 seconds spent updating 1 materials, 1 interfaces, 0 instances, 0 with static permutations.
[2015.10.23-00.24.19:152][274]LogMaterial: Missing cached shader map for material FMatExpressionPreview MaterialExpressionConstant3Vector_0, compiling. 
[2015.10.23-00.24.20:031][341]MaterialEditorStats: Info Base pass shader with only dynamic lighting: 31 instructions
[2015.10.23-00.24.20:031][341]MaterialEditorStats: Info Vertex shader: 31 instructions
[2015.10.23-00.24.20:031][341]MaterialEditorStats: Info Texture samplers: 0/16
[2015.10.23-00.24.27:133][ 52]LogRenderer: Reallocating scene render targets to support 1244x712 (Frame:31135).
[2015.10.23-00.25.29:172][155]LogActorComponent: UnregisterComponent: (/Engine/Transient.CharMoveComp) Not registered. Aborting.
[2015.10.23-00.27.25:626][602]Cmd: OBJ SAVEPACKAGE PACKAGE="/Game/Blueprints/Phys_Mat" FILE="../../../../../../MyGAMES/MyProject2/Content/Blueprints/Phys_Mat.uasset" SILENT=true
[2015.10.23-00.27.25:629][602]LogSavePackage: Save=2.132481ms
[2015.10.23-00.27.25:629][602]LogSavePackage: Moving '../../../../../../MyGAMES/MyProject2/Saved/Phys_Mat038823A0430190356809A1B82FDD69D1.tmp' to '../../../../../../MyGAMES/MyProject2/Content/Blueprints/Phys_Mat.uasset'
[2015.10.23-00.27.25:630][602]LogSavePackage: Total save time: 3.083777ms
[2015.10.23-00.27.25:630][602]LogSavePackage:Warning: Finished SavePackage ../../../../../../MyGAMES/MyProject2/Content/Blueprints/Phys_Mat.uasset
[2015.10.23-00.27.32:926][447]LogActorComponent: UnregisterComponent: (/Engine/Transient.CharacterMovementComponent_0) Not registered. Aborting.
[2015.10.23-00.27.35:115][710]BlueprintLog: New page: Compile Ball_Blueprint
[2015.10.23-00.27.35:165][710]LogParticles: Destroying 0 GPU particle simulations for FXSystem 0x0000005ADD90C680
[2015.10.23-00.27.35:172][710]BlueprintEditorCompileResults: Info [0615,41] Compile of Ball_Blueprint successful! [in 57 ms]
[2015.10.23-00.27.37:442][967]LogBlueprintUserMessages: Early PlayInEditor Detection: Level '/Game/MainLVL.MainLVL:PersistentLevel' has LevelScriptBlueprint '/Game/MainLVL.MainLVL:PersistentLevel.MainLVL' with GeneratedClass '/Game/MainLVL.MainLVL_C' with ClassGeneratedBy '/Game/MainLVL.MainLVL:PersistentLevel.MainLVL'
[2015.10.23-00.27.37:442][967]LogPlayLevel: PlayLevel: No blueprints needed recompiling
[2015.10.23-00.27.37:442][967]PIE: New page: PIE session: MainLVL (23 Oct 2015 04:27:37)
[2015.10.23-00.27.37:442][967]LogPlayLevel: Creating play world package: /Game/UEDPIE_0_MainLVL
[2015.10.23-00.27.37:451][967]LogPlayLevel: PIE: StaticDuplicateObject took: (0.009048s)
[2015.10.23-00.27.37:452][967]LogAIModule: Creating AISystem for world MainLVL
[2015.10.23-00.27.37:452][967]LogPlayLevel: PIE: World Init took: (0.000551s)
[2015.10.23-00.27.37:452][967]LogPlayLevel: PIE: Created PIE world by copying editor world from /Game/MainLVL.MainLVL to /Game/UEDPIE_0_MainLVL.MainLVL (0.009733s)
[2015.10.23-00.27.37:477][967]LogInit: XAudio2 using 'Casque (AKG K845BT Stéréo)' : 2 channels at 44.1 kHz using 16 bits per sample (channel mask 0x3)
[2015.10.23-00.27.37:481][967]LogInit: FAudioDevice initialized.
[2015.10.23-00.27.37:510][967]LogWorld: Game class is 'MyGamemode_C'
[2015.10.23-00.27.37:520][967]LogWorld: Bringing World /Game/UEDPIE_0_MainLVL.MainLVL up for play (max tick rate 0) at 2015.10.23-02.27.37
[2015.10.23-00.27.37:520][967]LogActor:Warning: GameSession /Game/UEDPIE_0_MainLVL.MainLVL:PersistentLevel.GameSession_5 has natively added scene component(s), but none of them were set as the actor's RootComponent - picking one arbitrarily
[2015.10.23-00.27.37:520][967]LogActor:Warning: GameNetworkManager /Game/UEDPIE_0_MainLVL.MainLVL:PersistentLevel.GameNetworkManager_5 has natively added scene component(s), but none of them were set as the actor's RootComponent - picking one arbitrarily
[2015.10.23-00.27.37:520][967]LogWorld: Bringing up level for play took: 0.008637
[2015.10.23-00.27.37:522][967]PIE: Info Play in editor start time for /Game/UEDPIE_0_MainLVL -0,722
[2015.10.23-00.27.37:522][967]LogBlueprintUserMessages: Late PlayInEditor Detection: Level '/Game/MainLVL.MainLVL:PersistentLevel' has LevelScriptBlueprint '/Game/MainLVL.MainLVL:PersistentLevel.MainLVL' with GeneratedClass '/Game/MainLVL.MainLVL_C' with ClassGeneratedBy '/Game/MainLVL.MainLVL:PersistentLevel.MainLVL'
[2015.10.23-00.27.47:699][184]Cmd: OBJ SAVEPACKAGE PACKAGE="/Game/Blueprints/Ball_Blueprint" FILE="../../../../../../MyGAMES/MyProject2/Content/Blueprints/Ball_Blueprint.uasset" SILENT=true
[2015.10.23-00.27.47:722][184]LogSavePackage: Save=16.808201ms
[2015.10.23-00.27.47:722][184]LogSavePackage: Moving '../../../../../../MyGAMES/MyProject2/Saved/Ball_Blueprint4A06289F42CDCE114CCE96938E70236B.tmp' to '../../../../../../MyGAMES/MyProject2/Content/Blueprints/Ball_Blueprint.uasset'
[2015.10.23-00.27.47:723][184]LogSavePackage: Total save time: 23.993101ms
[2015.10.23-00.27.47:723][184]LogSavePackage:Warning: Finished SavePackage ../../../../../../MyGAMES/MyProject2/Content/Blueprints/Ball_Blueprint.uasset
[2015.10.23-00.27.50:976][574]Cmd: OBJ SAVEPACKAGE PACKAGE="/Game/MainLVL" FILE="../../../../../../MyGAMES/MyProject2/Content/MainLVL.umap" SILENT=true AUTOSAVING=false KEEPDIRTY=false
[2015.10.23-00.27.51:201][574]LogSavePackage: Save=202.859619ms
[2015.10.23-00.27.51:201][574]LogSavePackage: Moving '../../../../../../MyGAMES/MyProject2/Saved/MainLVL4A2E34EF4DFB3CD6B796DC839E764426.tmp' to '../../../../../../MyGAMES/MyProject2/Content/MainLVL.umap'
[2015.10.23-00.27.51:203][574]LogSavePackage: Total save time: 208.111979ms
[2015.10.23-00.27.51:203][574]LogSavePackage:Warning: Finished SavePackage ../../../../../../MyGAMES/MyProject2/Content/MainLVL.umap
[2015.10.23-00.28.49:937][436]Cmd: OBJ SAVEPACKAGE PACKAGE="/Game/MainLVL" FILE="../../../../../../MyGAMES/MyProject2/Content/MainLVL.umap" SILENT=true AUTOSAVING=false KEEPDIRTY=false
[2015.10.23-00.28.50:157][436]LogSavePackage: Save=198.606949ms
[2015.10.23-00.28.50:157][436]LogSavePackage: Moving '../../../../../../MyGAMES/MyProject2/Saved/MainLVL348CDD9243CD1527B9B06D99D080D072.tmp' to '../../../../../../MyGAMES/MyProject2/Content/MainLVL.umap'
[2015.10.23-00.28.50:158][436]LogSavePackage: Total save time: 203.012712ms
[2015.10.23-00.28.50:158][436]LogSavePackage:Warning: Finished SavePackage ../../../../../../MyGAMES/MyProject2/Content/MainLVL.umap
[2015.10.23-00.28.53:360][816]LogBlueprintUserMessages: Early EndPlayMap Detection: Level '/Game/MainLVL.MainLVL:PersistentLevel' has LevelScriptBlueprint '/Game/MainLVL.MainLVL:PersistentLevel.MainLVL' with GeneratedClass '/Game/MainLVL.MainLVL_C' with ClassGeneratedBy '/Game/MainLVL.MainLVL:PersistentLevel.MainLVL'
[2015.10.23-00.28.53:412][816]LogBlueprintUserMessages: Late EndPlayMap Detection: Level '/Game/MainLVL.MainLVL:PersistentLevel' has LevelScriptBlueprint '/Game/MainLVL.MainLVL:PersistentLevel.MainLVL' with GeneratedClass '/Game/MainLVL.MainLVL_C' with ClassGeneratedBy '/Game/MainLVL.MainLVL:PersistentLevel.MainLVL'
[2015.10.23-00.28.53:429][816]LogParticles: Destroying 0 GPU particle simulations for FXSystem 0x0000005AF55DF420
[2015.10.23-00.28.54:708][967]LogBlueprintUserMessages: Early PlayInEditor Detection: Level '/Game/MainLVL.MainLVL:PersistentLevel' has LevelScriptBlueprint '/Game/MainLVL.MainLVL:PersistentLevel.MainLVL' with GeneratedClass '/Game/MainLVL.MainLVL_C' with ClassGeneratedBy '/Game/MainLVL.MainLVL:PersistentLevel.MainLVL'
[2015.10.23-00.28.54:708][967]LogPlayLevel: PlayLevel: No blueprints needed recompiling
[2015.10.23-00.28.54:708][967]PIE: New page: PIE session: MainLVL (23 Oct 2015 04:28:54)
[2015.10.23-00.28.54:708][967]LogPlayLevel: Creating play world package: /Game/UEDPIE_0_MainLVL
[2015.10.23-00.28.54:719][967]LogPlayLevel: PIE: StaticDuplicateObject took: (0.010557s)
[2015.10.23-00.28.54:719][967]LogAIModule: Creating AISystem for world MainLVL
[2015.10.23-00.28.54:719][967]LogPlayLevel: PIE: World Init took: (0.000511s)
[2015.10.23-00.28.54:719][967]LogPlayLevel: PIE: Created PIE world by copying editor world from /Game/MainLVL.MainLVL to /Game/UEDPIE_0_MainLVL.MainLVL (0.011212s)
[2015.10.23-00.28.54:745][967]LogInit: XAudio2 using 'Casque (AKG K845BT Stéréo)' : 2 channels at 44.1 kHz using 16 bits per sample (channel mask 0x3)
[2015.10.23-00.28.54:749][967]LogInit: FAudioDevice initialized.
[2015.10.23-00.28.54:778][967]LogWorld: Game class is 'MyGamemode_C'
[2015.10.23-00.28.54:788][967]LogWorld: Bringing World /Game/UEDPIE_0_MainLVL.MainLVL up for play (max tick rate 0) at 2015.10.23-02.28.54
[2015.10.23-00.28.54:788][967]LogActor:Warning: GameSession /Game/UEDPIE_0_MainLVL.MainLVL:PersistentLevel.GameSession_6 has natively added scene component(s), but none of them were set as the actor's RootComponent - picking one arbitrarily
[2015.10.23-00.28.54:788][967]LogActor:Warning: GameNetworkManager /Game/UEDPIE_0_MainLVL.MainLVL:PersistentLevel.GameNetworkManager_6 has natively added scene component(s), but none of them were set as the actor's RootComponent - picking one arbitrarily
[2015.10.23-00.28.54:788][967]LogWorld: Bringing up level for play took: 0.009149
[2015.10.23-00.28.54:790][967]PIE: Info Play in editor start time for /Game/UEDPIE_0_MainLVL 0,546
[2015.10.23-00.28.54:790][967]LogBlueprintUserMessages: Late PlayInEditor Detection: Level '/Game/MainLVL.MainLVL:PersistentLevel' has LevelScriptBlueprint '/Game/MainLVL.MainLVL:PersistentLevel.MainLVL' with GeneratedClass '/Game/MainLVL.MainLVL_C' with ClassGeneratedBy '/Game/MainLVL.MainLVL:PersistentLevel.MainLVL'
[2015.10.23-00.28.58:575][421]LogBlueprintUserMessages: Early EndPlayMap Detection: Level '/Game/MainLVL.MainLVL:PersistentLevel' has LevelScriptBlueprint '/Game/MainLVL.MainLVL:PersistentLevel.MainLVL' with GeneratedClass '/Game/MainLVL.MainLVL_C' with ClassGeneratedBy '/Game/MainLVL.MainLVL:PersistentLevel.MainLVL'
[2015.10.23-00.28.58:626][421]LogBlueprintUserMessages: Late EndPlayMap Detection: Level '/Game/MainLVL.MainLVL:PersistentLevel' has LevelScriptBlueprint '/Game/MainLVL.MainLVL:PersistentLevel.MainLVL' with GeneratedClass '/Game/MainLVL.MainLVL_C' with ClassGeneratedBy '/Game/MainLVL.MainLVL:PersistentLevel.MainLVL'
[2015.10.23-00.28.58:656][422]LogParticles: Destroying 0 GPU particle simulations for FXSystem 0x0000005AF55DDE40
[2015.10.23-00.29.23:675][175]LogActorComponent: UnregisterComponent: (/Engine/Transient.CharMoveComp) Not registered. Aborting.
[2015.10.23-00.29.26:077][175]LogObjectTools:Warning: ForceReplaceReferences replaced references for a transient object 'Sphere' or package '/Engine/Transient'.
[2015.10.23-00.29.26:162][175]LogParticles: Destroying 0 GPU particle simulations for FXSystem 0x0000005AFFD1FB00
[2015.10.23-00.29.51:133][737]LogMaterial: Missing cached shader map for material Ball_Mat, compiling. 
[2015.10.23-00.29.51:202][737]LogMaterial: Missing cached shader map for material Ball_Mat, compiling. 
[2015.10.23-00.29.51:206][737]LogMaterial: 0.000089 seconds spent updating 1 materials, 1 interfaces, 0 instances, 0 with static permutations.
[2015.10.23-00.29.51:232][737]LogMaterial: Missing cached shader map for material FMatExpressionPreview MaterialExpressionConstant3Vector_0, compiling. 
[2015.10.23-00.29.52:096][810]MaterialEditorStats: Info Base pass shader with only dynamic lighting: 31 instructions
[2015.10.23-00.29.52:096][810]MaterialEditorStats: Info Vertex shader: 31 instructions
[2015.10.23-00.29.52:096][810]MaterialEditorStats: Info Texture samplers: 0/16
[2015.10.23-00.30.13:331][281]BlueprintLog: New page: Compile Ball_Blueprint
[2015.10.23-00.30.13:364][281]LogActorComponent: UnregisterComponent: (/Engine/Transient.CharMoveComp) Not registered. Aborting.
[2015.10.23-00.30.13:381][281]LogParticles: Destroying 0 GPU particle simulations for FXSystem 0x0000005ACDBA6200
[2015.10.23-00.30.13:387][281]BlueprintEditorCompileResults: Info [0773,62] Compile of Ball_Blueprint successful! [in 55 ms]
[2015.10.23-00.30.14:813][446]Cmd: OBJ SAVEPACKAGE PACKAGE="/Game/Blueprints/Ball_Blueprint" FILE="../../../../../../MyGAMES/MyProject2/Content/Blueprints/Ball_Blueprint.uasset" SILENT=true
[2015.10.23-00.30.14:835][446]LogSavePackage: Save=17.603594ms
[2015.10.23-00.30.14:835][446]LogSavePackage: Moving '../../../../../../MyGAMES/MyProject2/Saved/Ball_Blueprint8D987B59446DA2204CD812A57D3E77B2.tmp' to '../../../../../../MyGAMES/MyProject2/Content/Blueprints/Ball_Blueprint.uasset'
[2015.10.23-00.30.14:836][446]LogSavePackage: Total save time: 22.357002ms
[2015.10.23-00.30.14:836][446]LogSavePackage:Warning: Finished SavePackage ../../../../../../MyGAMES/MyProject2/Content/Blueprints/Ball_Blueprint.uasset
[2015.10.23-00.30.16:933][694]Cmd: OBJ SAVEPACKAGE PACKAGE="/Game/MainLVL" FILE="../../../../../../MyGAMES/MyProject2/Content/MainLVL.umap" SILENT=true AUTOSAVING=false KEEPDIRTY=false
[2015.10.23-00.30.17:157][694]LogSavePackage: Save=198.348907ms
[2015.10.23-00.30.17:157][694]LogSavePackage: Moving '../../../../../../MyGAMES/MyProject2/Saved/MainLVLDA186C6A4E2AFD69E7BCD79D596F3BA7.tmp' to '../../../../../../MyGAMES/MyProject2/Content/MainLVL.umap'
[2015.10.23-00.30.17:159][694]LogSavePackage: Total save time: 206.851948ms
[2015.10.23-00.30.17:159][694]LogSavePackage:Warning: Finished SavePackage ../../../../../../MyGAMES/MyProject2/Content/MainLVL.umap
[2015.10.23-00.30.37:887][376]LogEditorViewport: Clicking on Actor (LMB): StaticMeshActor (Floor)
[2015.10.23-00.30.38:636][465]LogActorComponent: UnregisterComponent: (/Engine/Transient.CharMoveComp) Not registered. Aborting.
[2015.10.23-00.30.41:558][789]LogBlueprintUserMessages: Early PlayInEditor Detection: Level '/Game/MainLVL.MainLVL:PersistentLevel' has LevelScriptBlueprint '/Game/MainLVL.MainLVL:PersistentLevel.MainLVL' with GeneratedClass '/Game/MainLVL.MainLVL_C' with ClassGeneratedBy '/Game/MainLVL.MainLVL:PersistentLevel.MainLVL'
[2015.10.23-00.30.41:558][789]LogPlayLevel: PlayLevel: No blueprints needed recompiling
[2015.10.23-00.30.41:558][789]PIE: New page: PIE session: MainLVL (23 Oct 2015 04:30:41)
[2015.10.23-00.30.41:558][789]LogPlayLevel: Creating play world package: /Game/UEDPIE_0_MainLVL
[2015.10.23-00.30.41:568][789]LogPlayLevel: PIE: StaticDuplicateObject took: (0.009690s)
[2015.10.23-00.30.41:568][789]LogAIModule: Creating AISystem for world MainLVL
[2015.10.23-00.30.41:569][789]LogPlayLevel: PIE: World Init took: (0.000539s)
[2015.10.23-00.30.41:569][789]LogPlayLevel: PIE: Created PIE world by copying editor world from /Game/MainLVL.MainLVL to /Game/UEDPIE_0_MainLVL.MainLVL (0.010365s)
[2015.10.23-00.30.41:569][789]LogActorComponent: UnregisterComponent: (/Engine/Transient.CharMoveComp) Not registered. Aborting.
[2015.10.23-00.30.41:595][789]LogInit: XAudio2 using 'Casque (AKG K845BT Stéréo)' : 2 channels at 44.1 kHz using 16 bits per sample (channel mask 0x3)
[2015.10.23-00.30.41:599][789]LogInit: FAudioDevice initialized.
[2015.10.23-00.30.41:632][789]LogWorld: Game class is 'MyGamemode_C'
[2015.10.23-00.30.41:641][789]LogWorld: Bringing World /Game/UEDPIE_0_MainLVL.MainLVL up for play (max tick rate 0) at 2015.10.23-02.30.41
[2015.10.23-00.30.41:641][789]LogActor:Warning: GameSession /Game/UEDPIE_0_MainLVL.MainLVL:PersistentLevel.GameSession_7 has natively added scene component(s), but none of them were set as the actor's RootComponent - picking one arbitrarily
[2015.10.23-00.30.41:641][789]LogActor:Warning: GameNetworkManager /Game/UEDPIE_0_MainLVL.MainLVL:PersistentLevel.GameNetworkManager_7 has natively added scene component(s), but none of them were set as the actor's RootComponent - picking one arbitrarily
[2015.10.23-00.30.41:641][789]LogWorld: Bringing up level for play took: 0.008535
[2015.10.23-00.30.41:643][789]PIE: Info Play in editor start time for /Game/UEDPIE_0_MainLVL -0,6
[2015.10.23-00.30.41:643][789]LogBlueprintUserMessages: Late PlayInEditor Detection: Level '/Game/MainLVL.MainLVL:PersistentLevel' has LevelScriptBlueprint '/Game/MainLVL.MainLVL:PersistentLevel.MainLVL' with GeneratedClass '/Game/MainLVL.MainLVL_C' with ClassGeneratedBy '/Game/MainLVL.MainLVL:PersistentLevel.MainLVL'
[2015.10.23-00.30.50:762][883]LogBlueprintUserMessages: Early EndPlayMap Detection: Level '/Game/MainLVL.MainLVL:PersistentLevel' has LevelScriptBlueprint '/Game/MainLVL.MainLVL:PersistentLevel.MainLVL' with GeneratedClass '/Game/MainLVL.MainLVL_C' with ClassGeneratedBy '/Game/MainLVL.MainLVL:PersistentLevel.MainLVL'
[2015.10.23-00.30.50:813][883]LogBlueprintUserMessages: Late EndPlayMap Detection: Level '/Game/MainLVL.MainLVL:PersistentLevel' has LevelScriptBlueprint '/Game/MainLVL.MainLVL:PersistentLevel.MainLVL' with GeneratedClass '/Game/MainLVL.MainLVL_C' with ClassGeneratedBy '/Game/MainLVL.MainLVL:PersistentLevel.MainLVL'
[2015.10.23-00.30.50:842][884]LogParticles: Destroying 0 GPU particle simulations for FXSystem 0x0000005AFF0F05E0
[2015.10.23-00.30.58:287][765]BlueprintLog: New page: Compile Ball_Blueprint
[2015.10.23-00.30.58:340][765]BlueprintEditorCompileResults: Info [0818,57] Compile of Ball_Blueprint successful! [in 53 ms]
[2015.10.23-00.30.59:882][945]LogBlueprintUserMessages: Early PlayInEditor Detection: Level '/Game/MainLVL.MainLVL:PersistentLevel' has LevelScriptBlueprint '/Game/MainLVL.MainLVL:PersistentLevel.MainLVL' with GeneratedClass '/Game/MainLVL.MainLVL_C' with ClassGeneratedBy '/Game/MainLVL.MainLVL:PersistentLevel.MainLVL'
[2015.10.23-00.30.59:882][945]LogPlayLevel: PlayLevel: No blueprints needed recompiling
[2015.10.23-00.30.59:882][945]PIE: New page: PIE session: MainLVL (23 Oct 2015 04:30:59)
[2015.10.23-00.30.59:882][945]LogPlayLevel: Creating play world package: /Game/UEDPIE_0_MainLVL
[2015.10.23-00.30.59:892][945]LogPlayLevel: PIE: StaticDuplicateObject took: (0.009251s)
[2015.10.23-00.30.59:892][945]LogAIModule: Creating AISystem for world MainLVL
[2015.10.23-00.30.59:892][945]LogPlayLevel: PIE: World Init took: (0.000551s)
[2015.10.23-00.30.59:892][945]LogPlayLevel: PIE: Created PIE world by copying editor world from /Game/MainLVL.MainLVL to /Game/UEDPIE_0_MainLVL.MainLVL (0.009936s)
[2015.10.23-00.30.59:920][945]LogInit: XAudio2 using 'Casque (AKG K845BT Stéréo)' : 2 channels at 44.1 kHz using 16 bits per sample (channel mask 0x3)
[2015.10.23-00.30.59:923][945]LogInit: FAudioDevice initialized.
[2015.10.23-00.30.59:953][945]LogWorld: Game class is 'MyGamemode_C'
[2015.10.23-00.30.59:962][945]LogWorld: Bringing World /Game/UEDPIE_0_MainLVL.MainLVL up for play (max tick rate 0) at 2015.10.23-02.30.59
[2015.10.23-00.30.59:962][945]LogActor:Warning: GameSession /Game/UEDPIE_0_MainLVL.MainLVL:PersistentLevel.GameSession_8 has natively added scene component(s), but none of them were set as the actor's RootComponent - picking one arbitrarily
[2015.10.23-00.30.59:962][945]LogActor:Warning: GameNetworkManager /Game/UEDPIE_0_MainLVL.MainLVL:PersistentLevel.GameNetworkManager_8 has natively added scene component(s), but none of them were set as the actor's RootComponent - picking one arbitrarily
[2015.10.23-00.30.59:963][945]LogWorld: Bringing up level for play took: 0.008848
[2015.10.23-00.30.59:964][945]PIE: Info Play in editor start time for /Game/UEDPIE_0_MainLVL -0,279
[2015.10.23-00.30.59:964][945]LogBlueprintUserMessages: Late PlayInEditor Detection: Level '/Game/MainLVL.MainLVL:PersistentLevel' has LevelScriptBlueprint '/Game/MainLVL.MainLVL:PersistentLevel.MainLVL' with GeneratedClass '/Game/MainLVL.MainLVL_C' with ClassGeneratedBy '/Game/MainLVL.MainLVL:PersistentLevel.MainLVL'
[2015.10.23-00.31.11:868][373]LogBlueprintUserMessages: Early EndPlayMap Detection: Level '/Game/MainLVL.MainLVL:PersistentLevel' has LevelScriptBlueprint '/Game/MainLVL.MainLVL:PersistentLevel.MainLVL' with GeneratedClass '/Game/MainLVL.MainLVL_C' with ClassGeneratedBy '/Game/MainLVL.MainLVL:PersistentLevel.MainLVL'
[2015.10.23-00.31.11:923][373]LogBlueprintUserMessages: Late EndPlayMap Detection: Level '/Game/MainLVL.MainLVL:PersistentLevel' has LevelScriptBlueprint '/Game/MainLVL.MainLVL:PersistentLevel.MainLVL' with GeneratedClass '/Game/MainLVL.MainLVL_C' with ClassGeneratedBy '/Game/MainLVL.MainLVL:PersistentLevel.MainLVL'
[2015.10.23-00.31.11:941][373]LogParticles: Destroying 0 GPU particle simulations for FXSystem 0x0000005AE46F58A0
[2015.10.23-00.31.36:553][564]LogBlueprintUserMessages: Early PlayInEditor Detection: Level '/Game/MainLVL.MainLVL:PersistentLevel' has LevelScriptBlueprint '/Game/MainLVL.MainLVL:PersistentLevel.MainLVL' with GeneratedClass '/Game/MainLVL.MainLVL_C' with ClassGeneratedBy '/Game/MainLVL.MainLVL:PersistentLevel.MainLVL'
[2015.10.23-00.31.36:553][564]LogPlayLevel: PlayLevel: No blueprints needed recompiling
[2015.10.23-00.31.36:553][564]PIE: New page: PIE session: MainLVL (23 Oct 2015 04:31:36)
[2015.10.23-00.31.36:553][564]LogPlayLevel: Creating play world package: /Game/UEDPIE_0_MainLVL
[2015.10.23-00.31.36:563][564]LogPlayLevel: PIE: StaticDuplicateObject took: (0.009137s)
[2015.10.23-00.31.36:563][564]LogAIModule: Creating AISystem for world MainLVL
[2015.10.23-00.31.36:563][564]LogPlayLevel: PIE: World Init took: (0.000645s)
[2015.10.23-00.31.36:563][564]LogPlayLevel: PIE: Created PIE world by copying editor world from /Game/MainLVL.MainLVL to /Game/UEDPIE_0_MainLVL.MainLVL (0.009984s)
[2015.10.23-00.31.36:563][564]LogActorComponent: UnregisterComponent: (/Engine/Transient.CharMoveComp) Not registered. Aborting.
[2015.10.23-00.31.36:590][564]LogInit: XAudio2 using 'Casque (AKG K845BT Stéréo)' : 2 channels at 44.1 kHz using 16 bits per sample (channel mask 0x3)
[2015.10.23-00.31.36:594][564]LogInit: FAudioDevice initialized.
[2015.10.23-00.31.36:628][564]LogWorld: Game class is 'MyGamemode_C'
[2015.10.23-00.31.36:637][564]LogWorld: Bringing World /Game/UEDPIE_0_MainLVL.MainLVL up for play (max tick rate 0) at 2015.10.23-02.31.36
[2015.10.23-00.31.36:637][564]LogActor:Warning: GameSession /Game/UEDPIE_0_MainLVL.MainLVL:PersistentLevel.GameSession_9 has natively added scene component(s), but none of them were set as the actor's RootComponent - picking one arbitrarily
[2015.10.23-00.31.36:637][564]LogActor:Warning: GameNetworkManager /Game/UEDPIE_0_MainLVL.MainLVL:PersistentLevel.GameNetworkManager_9 has natively added scene component(s), but none of them were set as the actor's RootComponent - picking one arbitrarily
[2015.10.23-00.31.36:637][564]LogWorld: Bringing up level for play took: 0.008640
[2015.10.23-00.31.36:639][564]PIE: Info Play in editor start time for /Game/UEDPIE_0_MainLVL 0,396
[2015.10.23-00.31.36:639][564]LogBlueprintUserMessages: Late PlayInEditor Detection: Level '/Game/MainLVL.MainLVL:PersistentLevel' has LevelScriptBlueprint '/Game/MainLVL.MainLVL:PersistentLevel.MainLVL' with GeneratedClass '/Game/MainLVL.MainLVL_C' with ClassGeneratedBy '/Game/MainLVL.MainLVL:PersistentLevel.MainLVL'
[2015.10.23-00.31.49:259][ 78]LogBlueprintUserMessages: Early EndPlayMap Detection: Level '/Game/MainLVL.MainLVL:PersistentLevel' has LevelScriptBlueprint '/Game/MainLVL.MainLVL:PersistentLevel.MainLVL' with GeneratedClass '/Game/MainLVL.MainLVL_C' with ClassGeneratedBy '/Game/MainLVL.MainLVL:PersistentLevel.MainLVL'
[2015.10.23-00.31.49:309][ 78]LogBlueprintUserMessages: Late EndPlayMap Detection: Level '/Game/MainLVL.MainLVL:PersistentLevel' has LevelScriptBlueprint '/Game/MainLVL.MainLVL:PersistentLevel.MainLVL' with GeneratedClass '/Game/MainLVL.MainLVL_C' with ClassGeneratedBy '/Game/MainLVL.MainLVL:PersistentLevel.MainLVL'
[2015.10.23-00.31.49:329][ 78]LogParticles: Destroying 0 GPU particle simulations for FXSystem 0x0000005AF563BE20
[2015.10.23-00.31.51:887][380]Cmd: OBJ SAVEPACKAGE PACKAGE="/Game/MainLVL" FILE="../../../../../../MyGAMES/MyProject2/Content/MainLVL.umap" SILENT=true AUTOSAVING=false KEEPDIRT