[2015.10.22-14.42.27:727][  0]Log file open, 10/22/15 16:42:27
[2015.10.22-14.42.27:727][  0]LogInit:Display: Running engine for game: MyProject2
[2015.10.22-14.42.27:727][  0]LogInit:Display: RandInit(-2018199025) SRandInit(-2018199024).
[2015.10.22-14.42.27:727][  0]LogTaskGraph: Started task graph with 4 named threads and 7 total threads.
[2015.10.22-14.42.27:727][  0]LogStats: Stats thread started at 0.068476
[2015.10.22-14.42.27:727][  0]LogInit: Version: 4.9.2-2707645+++depot+UE4-Releases+4.9
[2015.10.22-14.42.27:727][  0]LogInit: API Version: 2672455
[2015.10.22-14.42.27:727][  0]LogInit: Compiled (64-bit): Sep 28 2015 10:25:44
[2015.10.22-14.42.27:727][  0]LogInit: Compiled with Visual C++: 18.00.21005.01
[2015.10.22-14.42.27:727][  0]LogInit: Build Configuration: Development
[2015.10.22-14.42.27:727][  0]LogInit: Branch Name: ++depot+UE4-Releases+4.9
[2015.10.22-14.42.27:727][  0]LogInit: Command line:  
[2015.10.22-14.42.27:728][  0]LogInit: Base directory: D:/Program Files/Epic Games/4.9/Engine/Binaries/Win64/
[2015.10.22-14.42.27:728][  0]LogInit: Rocket: 1
[2015.10.22-14.42.27:734][  0]LogInit: Using libcurl 7.41.0
[2015.10.22-14.42.27:734][  0]LogInit:  - built for x86_64-pc-win32
[2015.10.22-14.42.27:734][  0]LogInit:  - supports SSL with WinSSL
[2015.10.22-14.42.27:734][  0]LogInit:  - other features:
[2015.10.22-14.42.27:734][  0]LogInit:      CURL_VERSION_SSL
[2015.10.22-14.42.27:734][  0]LogInit:      CURL_VERSION_IPV6
[2015.10.22-14.42.27:734][  0]LogInit:      CURL_VERSION_ASYNCHDNS
[2015.10.22-14.42.27:734][  0]LogInit:      CURL_VERSION_LARGEFILE
[2015.10.22-14.42.27:734][  0]LogInit:      CURL_VERSION_IDN
[2015.10.22-14.42.27:734][  0]LogInit:  CurlRequestOptions (configurable via config and command line):
[2015.10.22-14.42.27:734][  0]LogInit:  - bVerifyPeer = true  - Libcurl will verify peer certificate
[2015.10.22-14.42.27:734][  0]LogInit:  - bUseHttpProxy = false  - Libcurl will NOT use HTTP proxy
[2015.10.22-14.42.27:734][  0]LogInit:  - bDontReuseConnections = false  - Libcurl will reuse connections
[2015.10.22-14.42.27:734][  0]LogInit:  - CertBundlePath = nullptr  - Libcurl will use whatever was configured at build time.
[2015.10.22-14.42.27:739][  0]LogInit: Presizing for 0 objects not considered by GC, pre-allocating 0 bytes.
[2015.10.22-14.42.27:744][  0]LogInit: Object subsystem initialized
[2015.10.22-14.42.27:745][  0]LogInit: Selected Device Profile: [Windows]
[2015.10.22-14.42.27:745][  0]LogInit: Applying CVar settings loaded from the selected device profile: [Windows]
[2015.10.22-14.42.27:751][  0]LogInit: Computer: REIIZDESKTOP
[2015.10.22-14.42.27:751][  0]LogInit: User: liliu
[2015.10.22-14.42.27:751][  0]LogInit: CPU Page size=4096, Cores=4
[2015.10.22-14.42.27:751][  0]LogInit: High frequency timer resolution =3.906250 MHz
[2015.10.22-14.42.27:751][  0]LogMemory: Memory total: Physical=7.9GB (8GB approx)
[2015.10.22-14.42.27:751][  0]LogMemory: Platform Memory Stats for Windows
[2015.10.22-14.42.27:751][  0]LogMemory: Process Physical Memory: 53.84 MB used, 53.84 MB peak
[2015.10.22-14.42.27:751][  0]LogMemory: Process Virtual Memory: 57.21 MB used, 57.21 MB peak
[2015.10.22-14.42.27:752][  0]LogMemory: Physical Memory: 2140.78 MB used, 8052.93 MB total
[2015.10.22-14.42.27:752][  0]LogMemory: Virtual Memory: 366.46 MB used, 134217728.00 MB total
[2015.10.22-14.42.27:779][  0]LogTextLocalizationManager: No translations for ('fr-FR') exist, falling back to 'en' for localization and internationalization data.
[2015.10.22-14.42.28:352][  0]LogD3D11RHI: Found D3D11 adapter 0: AMD Radeon HD 7900 Series (Feature Level 11_0)
[2015.10.22-14.42.28:352][  0]LogD3D11RHI: Adapter has 3050MB of dedicated video memory, 0MB of dedicated system memory, and 4026MB of shared system memory, 2 output[s]
[2015.10.22-14.42.28:356][  0]LogD3D11RHI: Found D3D11 adapter 1: Intel(R) HD Graphics 4600 (Feature Level 11_0)
[2015.10.22-14.42.28:356][  0]LogD3D11RHI: Adapter has 112MB of dedicated video memory, 0MB of dedicated system memory, and 4026MB of shared system memory, 0 output[s]
[2015.10.22-14.42.28:357][  0]LogD3D11RHI: Found D3D11 adapter 2: Microsoft Basic Render Driver (Feature Level 11_0)
[2015.10.22-14.42.28:357][  0]LogD3D11RHI: Adapter has 0MB of dedicated video memory, 0MB of dedicated system memory, and 4026MB of shared system memory, 0 output[s]
[2015.10.22-14.42.28:357][  0]LogD3D11RHI: Chosen D3D11 Adapter Id = 0
[2015.10.22-14.42.28:359][  0]LogD3D11RHI: !Direct3DDevice
[2015.10.22-14.42.28:359][  0]LogRHI: Texture pool is 1361 MB (70% of 1945 MB)
[2015.10.22-14.42.28:364][  0]LogD3D11RHI: Async texture creation disabled: no driver support
[2015.10.22-14.42.28:374][  0]LogShaderCompilers: Guid format shader working directory is 15 characters bigger than the processId version (../../../../../../MyGAMES/MyProject2/Intermediate/Shaders/WorkingDirectory/3832/).
[2015.10.22-14.42.28:374][  0]LogShaderCompilers: Cleaned the shader compiler working directory '../../../../../../MyGAMES/MyProject2/Intermediate/Shaders/tmp/08D7CA6E4F9E23ADBC06CDA8FD740670/'.
[2015.10.22-14.42.28:374][  0]LogShaderCompilers:Display: Using Local Shader Compiler.
[2015.10.22-14.42.29:124][  0]LogTemp:Display: Loaded TP AllDesktopTargetPlatform
[2015.10.22-14.42.29:128][  0]LogTemp:Display: Loaded TP WindowsClientTargetPlatform
[2015.10.22-14.42.29:132][  0]LogTemp:Display: Loaded TP WindowsNoEditorTargetPlatform
[2015.10.22-14.42.29:135][  0]LogTemp:Display: Loaded TP WindowsServerTargetPlatform
[2015.10.22-14.42.29:139][  0]LogTemp:Display: Loaded TP WindowsTargetPlatform
[2015.10.22-14.42.29:142][  0]LogTemp:Display: Loaded TP AndroidTargetPlatform
[2015.10.22-14.42.29:144][  0]LogTemp:Display: Loaded TP Android_ASTCTargetPlatform
[2015.10.22-14.42.29:147][  0]LogTemp:Display: Loaded TP Android_ATCTargetPlatform
[2015.10.22-14.42.29:149][  0]LogTemp:Display: Loaded TP Android_DXTTargetPlatform
[2015.10.22-14.42.29:151][  0]LogTemp:Display: Loaded TP Android_ETC1TargetPlatform
[2015.10.22-14.42.29:154][  0]LogTemp:Display: Loaded TP Android_ETC2TargetPlatform
[2015.10.22-14.42.29:156][  0]LogTemp:Display: Loaded TP Android_PVRTCTargetPlatform
[2015.10.22-14.42.29:157][  0]LogTemp:Display: Loaded TP HTML5TargetPlatform
[2015.10.22-14.42.29:172][  0]LogTemp:Display: Loaded TP IOSTargetPlatform
[2015.10.22-14.42.29:175][  0]LogTemp:Display: Loaded TP LinuxNoEditorTargetPlatform
[2015.10.22-14.42.29:177][  0]LogTemp:Display: Loaded TP LinuxServerTargetPlatform
[2015.10.22-14.42.29:180][  0]LogTemp:Display: Loaded TP LinuxTargetPlatform
[2015.10.22-14.42.29:180][  0]LogTargetPlatformManager:Display: Building Assets For Windows
[2015.10.22-14.42.29:257][  0]LogDerivedDataCache:Display: Max Cache Size: 512 MB
[2015.10.22-14.42.29:292][  0]LogDerivedDataCache: Loaded boot cache 0.03s 41MB C:/Users/liliu/AppData/Local/UnrealEngine/4.9/DerivedDataCache/Boot.ddc.
[2015.10.22-14.42.29:292][  0]LogDerivedDataCache:Display: Loaded Boot cache: C:/Users/liliu/AppData/Local/UnrealEngine/4.9/DerivedDataCache/Boot.ddc
[2015.10.22-14.42.29:292][  0]LogDerivedDataCache: FDerivedDataBackendGraph:  Pak pak cache file ../../../../../../MyGAMES/MyProject2/DerivedDataCache/DDC.ddp not found, will not use a pak cache.
[2015.10.22-14.42.29:292][  0]LogDerivedDataCache: Unable to find inner node Pak for hierarchical cache Hierarchy.
[2015.10.22-14.42.29:292][  0]LogDerivedDataCache: FDerivedDataBackendGraph:  CompressedPak pak cache file ../../../../../../MyGAMES/MyProject2/DerivedDataCache/Compressed.ddp not found, will not use a pak cache.
[2015.10.22-14.42.29:292][  0]LogDerivedDataCache: Unable to find inner node CompressedPak for hierarchical cache Hierarchy.
[2015.10.22-14.42.29:397][  0]LogDerivedDataCache:Display: Pak cache opened for reading ../../../Engine/DerivedDataCache/Compressed.ddp.
[2015.10.22-14.42.29:408][  0]LogDerivedDataCache: Using Local data cache path C:/Users/liliu/AppData/Local/UnrealEngine/Common/DerivedDataCache: Writable
[2015.10.22-14.42.29:530][  0]LogInit: Selected Device Profile: [Windows]
[2015.10.22-14.42.29:532][  0]LogContentStreaming: Texture pool size is 0.000000MB
[2015.10.22-14.42.29:616][  0]LogMeshUtilities: No automatic mesh reduction module available
[2015.10.22-14.42.29:616][  0]LogMeshUtilities: No automatic mesh merging module available
[2015.10.22-14.42.29:801][  0]LogInit: WinSock: version 1.1 (2.2), MaxSocks=32767, MaxUdp=65467
[2015.10.22-14.42.30:301][  0]UdpMessaging: Initializing bridge on interface 0.0.0.0:0 to multicast group 230.0.0.1:6666.
[2015.10.22-14.42.30:388][  0]LogAssetRegistry: FAssetRegistry took 0.0105 seconds to start up
[2015.10.22-14.42.30:502][  0]SourceControl: Info Source control is disabled
[2015.10.22-14.42.30:502][  0]SourceControl: Info Source control is disabled
[2015.10.22-14.42.30:511][  0]SourceControl: Info Source control is disabled
[2015.10.22-14.42.30:518][  0]SourceControl: Info Source control is disabled
[2015.10.22-14.42.30:611][  0]LogLinker:Warning: Asset '../../../Engine/Plugins/Runtime/LeapMotionController/Content/LM_PassthroughMaterial.uasset' has been saved with empty engine version. The asset will be loaded but may be incompatible.
[2015.10.22-14.42.30:661][  0]LogObj: 28361 objects as part of root set at end of initial load.
[2015.10.22-14.42.30:661][  0]LogUObjectAllocator: 6038872 out of 0 bytes used by permanent object pool.
[2015.10.22-14.42.30:705][  0]LogEngine: Initializing Engine...
[2015.10.22-14.42.30:707][  0]LogHMD: Can't find Oculus library dev build: is proper Runtime installed? Version: 0.7.0.0
[2015.10.22-14.42.30:707][  0]LogHMD: SteamVR failed to initialize.  Err: 110
[2015.10.22-14.42.30:795][  0]LogAIModule: Creating AISystem for world NewWorld
[2015.10.22-14.42.30:804][  0]LogInit: XAudio2 using 'Casque (AKG K845BT Stéréo)' : 2 channels at 44.1 kHz using 16 bits per sample (channel mask 0x3)
[2015.10.22-14.42.30:808][  0]LogInit: FAudioDevice initialized.
[2015.10.22-14.42.30:826][  0]LogDerivedDataCache: Saved boot cache 0.02s 41MB C:/Users/liliu/AppData/Local/UnrealEngine/4.9/DerivedDataCache/Boot.ddc.
[2015.10.22-14.42.30:829][  0]LogInit: Texture streaming: Enabled
[2015.10.22-14.42.30:833][  0]LogAnalytics: Creating configured Analytics provider AnalyticsET
[2015.10.22-14.42.30:833][  0]LogAnalytics: [UEEditor.Rocket.Release] APIServer = http://et2.epicgames.com/ET2/. AppVersion = 4.9.2-2707645+++depot+UE4-Releases+4.9
[2015.10.22-14.42.30:833][  0]LogAnalytics: [UEEditor.Rocket.Release] SetUserId 71602e434846f1ec325ce9888374f8e1|8083a3ab479f42fd888931546077b44c|d0992da6-e7c3-4808-adbd-9ac2ef65295b
[2015.10.22-14.42.30:833][  0]LogAnalytics: [UEEditor.Rocket.Release] AnalyticsET::StartSession
[2015.10.22-14.42.30:852][  0]LogInit: Transaction tracking system initialized
[2015.10.22-14.42.30:873][  0]BlueprintLog: New page: Editor Load
[2015.10.22-14.42.30:931][  0]LocalizationService: Info Localization service is disabled
[2015.10.22-14.42.30:979][  0]LogLinker:Warning: Can't find file '/Game/ThirdPersonBP/ThirdPersonOverview'
[2015.10.22-14.42.30:979][  0]LogLinker:Warning: Can't find file '/Game/ThirdPersonBP/ThirdPersonOverview'
[2015.10.22-14.42.30:979][  0]LogUObjectGlobals:Warning: Failed to find object 'Class /Game/ThirdPersonBP/ThirdPersonOverview.ThirdPersonOverview_C'
[2015.10.22-14.42.30:988][  0]LogConsoleResponse:Display: 
[2015.10.22-14.42.31:070][  0]LogCook:Display: Done creating registry. It took  0.00s.
[2015.10.22-14.42.31:110][  0]LogFileCache: Scanning file cache for directory 'D:/MyGAMES/MyProject2/Content/' took 0.01s
[2015.10.22-14.42.31:110][  0]SourceControl: Info Source control is disabled
[2015.10.22-14.42.31:111][  0]Cmd: MAP LOAD FILE="../../../Engine/Content/Maps/Templates/Template_Default.umap" TEMPLATE=1 SHOWPROGRESS=1 FEATURELEVEL=3
[2015.10.22-14.42.31:111][  0]LightingResults: New page: Lighting Build
[2015.10.22-14.42.31:113][  0]MapCheck: New page: Map Check
[2015.10.22-14.42.31:113][  0]LightingResults: New page: Lighting Build
[2015.10.22-14.42.31:122][  0]LogParticles: Destroying 0 GPU particle simulations for FXSystem 0x000000C085F05DA0
[2015.10.22-14.42.31:305][  0]LogAIModule: Creating AISystem for world Untitled_1
[2015.10.22-14.42.31:309][  0]LogEditorServer: Finished looking for orphan Actors (0.000 secs)
[2015.10.22-14.42.31:332][  0]Cmd: MAP CHECKDEP NOCLEARLOG
[2015.10.22-14.42.31:359][  0]MapCheck: Info Map check complete: 0 Error(s), 0 Warning(s), took 27.031ms to complete.
[2015.10.22-14.42.31:359][  0]LogFileHelpers: Loading map 'Template_Default' took 0.249
[2015.10.22-14.42.31:462][  0]LogCollectionManager: Loaded 0 collections in 0.002172 seconds
[2015.10.22-14.42.31:500][  0]LogFileCache: Scanning file cache for directory 'D:/MyGAMES/MyProject2/Saved/Collections/' took 0.01s
[2015.10.22-14.42.31:500][  0]LogFileCache: Scanning file cache for directory 'D:/MyGAMES/MyProject2/Content/Developers/liliu/Collections/' took 0.01s
[2015.10.22-14.42.31:500][  0]LogFileCache: Scanning file cache for directory 'D:/MyGAMES/MyProject2/Content/Collections/' took 0.01s
[2015.10.22-14.42.31:500][  0]LogContentBrowser: Native class hierarchy populated in 0.0052 seconds. Added 1868 classes and 336 folders.
[2015.10.22-14.42.31:507][  0]LogCollectionManager: Rebuilt the GUID cache for 0 collections in 0.000002 seconds
[2015.10.22-14.42.31:512][  0]LogContentBrowser: Native class hierarchy updated for 'WidgetCarousel' in 0.0004 seconds. Added 0 classes and 0 folders.
[2015.10.22-14.42.31:542][  0]LogContentBrowser: Native class hierarchy updated for 'AddContentDialog' in 0.0003 seconds. Added 0 classes and 0 folders.
[2015.10.22-14.42.31:546][  0]LogContentBrowser: Native class hierarchy updated for 'SceneOutliner' in 0.0002 seconds. Added 1 classes and 2 folders.
[2015.10.22-14.42.31:590][  0]LogCrashTracker: Crashtracker disabled due to settings.
[2015.10.22-14.42.31:593][  0]LogUObjectGlobals:Warning: Failed to find object 'Class None.'
[2015.10.22-14.42.31:614][  0]LogLoad: Full Startup: 4.30 seconds (BP compile: 0.03 seconds)
[2015.10.22-14.42.31:669][  0]LogContentStreaming: Texture pool size now 1000 MB
[2015.10.22-14.42.31:781][  0]LogRenderer: Reallocating scene render targets to support 1244x608 (Frame:2).
[2015.10.22-14.42.32:084][  2]LogAssetRegistry: Asset discovery search completed in 1.7062 seconds
[2015.10.22-14.42.32:084][  2]LogCollectionManager: Rebuilt the object cache for 0 collections in 0.000001 seconds (found 0 objects)
[2015.10.22-14.42.32:084][  2]LogCollectionManager: Fixed up redirectors for 0 collections in 0.000024 seconds (updated 0 objects)
[2015.10.22-14.42.58:601][733]LogEditorViewport: Clicking on Actor (LMB): BP_Sky_Sphere_C (Sky Sphere)
[2015.10.22-14.43.15:822][542]LogEditorViewport: Clicking on Actor (LMB): BP_Sky_Sphere_C (Sky Sphere)
[2015.10.22-14.43.23:789][397]LogCrashTracker: 


[2015.10.22-14.43.23:796][397]LogCrashTracker: 


[2015.10.22-14.43.23:796][397]LogWindows: === Critical error: ===
Fatal error!



[2015.10.22-14.43.23:886][397]LogExit: Executing StaticShutdownAfterError
[2015.10.22-14.43.23:889][397]LogPhysics:Warning: PHYSX: ..\..\PhysX\src\NpScene.cpp (2946) 8 : PxScene::unlockWrite() called without matching call to PxScene::lockWrite(), behaviour will be undefined.
[2015.10.22-14.43.23:889][397]LogPhysics:Warning: PHYSX: ..\..\PhysX\src\NpScene.cpp (2946) 8 : PxScene::unlockWrite() called without matching call to PxScene::lockWrite(), behaviour will be undefined.
[2015.10.22-14.43.23:889][397]LogWindows: FPlatformMisc::RequestExit(1)
[2015.10.22-14.43.23:889][397]Log file closed, 10/22/15 16:43:23
