[2015.10.22-13.15.57:015][  0]Log file open, 10/22/15 15:15:57
[2015.10.22-13.15.57:015][  0]LogInit:Display: Running engine for game: MyProject2
[2015.10.22-13.15.57:015][  0]LogInit:Display: RandInit(-831064723) SRandInit(-831064722).
[2015.10.22-13.15.57:015][  0]LogTaskGraph: Started task graph with 4 named threads and 7 total threads.
[2015.10.22-13.15.57:015][  0]LogStats: Stats thread started at 0.077786
[2015.10.22-13.15.57:015][  0]LogInit: Version: 4.9.2-2707645+++depot+UE4-Releases+4.9
[2015.10.22-13.15.57:015][  0]LogInit: API Version: 2672455
[2015.10.22-13.15.57:015][  0]LogInit: Compiled (64-bit): Sep 28 2015 10:25:44
[2015.10.22-13.15.57:015][  0]LogInit: Compiled with Visual C++: 18.00.21005.01
[2015.10.22-13.15.57:015][  0]LogInit: Build Configuration: Development
[2015.10.22-13.15.57:015][  0]LogInit: Branch Name: ++depot+UE4-Releases+4.9
[2015.10.22-13.15.57:015][  0]LogInit: Command line: 
[2015.10.22-13.15.57:015][  0]LogInit: Base directory: D:/Program Files/Epic Games/4.9/Engine/Binaries/Win64/
[2015.10.22-13.15.57:015][  0]LogInit: Rocket: 1
[2015.10.22-13.15.57:023][  0]LogInit: Using libcurl 7.41.0
[2015.10.22-13.15.57:023][  0]LogInit:  - built for x86_64-pc-win32
[2015.10.22-13.15.57:023][  0]LogInit:  - supports SSL with WinSSL
[2015.10.22-13.15.57:023][  0]LogInit:  - other features:
[2015.10.22-13.15.57:023][  0]LogInit:      CURL_VERSION_SSL
[2015.10.22-13.15.57:023][  0]LogInit:      CURL_VERSION_IPV6
[2015.10.22-13.15.57:023][  0]LogInit:      CURL_VERSION_ASYNCHDNS
[2015.10.22-13.15.57:023][  0]LogInit:      CURL_VERSION_LARGEFILE
[2015.10.22-13.15.57:023][  0]LogInit:      CURL_VERSION_IDN
[2015.10.22-13.15.57:023][  0]LogInit:  CurlRequestOptions (configurable via config and command line):
[2015.10.22-13.15.57:023][  0]LogInit:  - bVerifyPeer = true  - Libcurl will verify peer certificate
[2015.10.22-13.15.57:023][  0]LogInit:  - bUseHttpProxy = false  - Libcurl will NOT use HTTP proxy
[2015.10.22-13.15.57:023][  0]LogInit:  - bDontReuseConnections = false  - Libcurl will reuse connections
[2015.10.22-13.15.57:023][  0]LogInit:  - CertBundlePath = nullptr  - Libcurl will use whatever was configured at build time.
[2015.10.22-13.15.57:031][  0]LogInit: Presizing for 0 objects not considered by GC, pre-allocating 0 bytes.
[2015.10.22-13.15.57:036][  0]LogInit: Object subsystem initialized
[2015.10.22-13.15.57:038][  0]LogInit: Selected Device Profile: [Windows]
[2015.10.22-13.15.57:038][  0]LogInit: Applying CVar settings loaded from the selected device profile: [Windows]
[2015.10.22-13.15.57:047][  0]LogInit: Computer: REIIZDESKTOP
[2015.10.22-13.15.57:047][  0]LogInit: User: liliu
[2015.10.22-13.15.57:047][  0]LogInit: CPU Page size=4096, Cores=4
[2015.10.22-13.15.57:047][  0]LogInit: High frequency timer resolution =3.906250 MHz
[2015.10.22-13.15.57:047][  0]LogMemory: Memory total: Physical=7.9GB (8GB approx)
[2015.10.22-13.15.57:047][  0]LogMemory: Platform Memory Stats for Windows
[2015.10.22-13.15.57:047][  0]LogMemory: Process Physical Memory: 54.07 MB used, 54.07 MB peak
[2015.10.22-13.15.57:047][  0]LogMemory: Process Virtual Memory: 56.30 MB used, 56.30 MB peak
[2015.10.22-13.15.57:047][  0]LogMemory: Physical Memory: 2938.02 MB used, 8052.93 MB total
[2015.10.22-13.15.57:047][  0]LogMemory: Virtual Memory: 366.46 MB used, 134217728.00 MB total
[2015.10.22-13.15.57:078][  0]LogTextLocalizationManager: No translations for ('fr-FR') exist, falling back to 'en' for localization and internationalization data.
[2015.10.22-13.15.57:673][  0]LogD3D11RHI: Found D3D11 adapter 0: AMD Radeon HD 7900 Series (Feature Level 11_0)
[2015.10.22-13.15.57:673][  0]LogD3D11RHI: Adapter has 3050MB of dedicated video memory, 0MB of dedicated system memory, and 4026MB of shared system memory, 2 output[s]
[2015.10.22-13.15.57:678][  0]LogD3D11RHI: Found D3D11 adapter 1: Intel(R) HD Graphics 4600 (Feature Level 11_0)
[2015.10.22-13.15.57:678][  0]LogD3D11RHI: Adapter has 112MB of dedicated video memory, 0MB of dedicated system memory, and 4026MB of shared system memory, 0 output[s]
[2015.10.22-13.15.57:679][  0]LogD3D11RHI: Found D3D11 adapter 2: Microsoft Basic Render Driver (Feature Level 11_0)
[2015.10.22-13.15.57:679][  0]LogD3D11RHI: Adapter has 0MB of dedicated video memory, 0MB of dedicated system memory, and 4026MB of shared system memory, 0 output[s]
[2015.10.22-13.15.57:679][  0]LogD3D11RHI: Chosen D3D11 Adapter Id = 0
[2015.10.22-13.15.57:682][  0]LogD3D11RHI: !Direct3DDevice
[2015.10.22-13.15.57:682][  0]LogRHI: Texture pool is 1361 MB (70% of 1945 MB)
[2015.10.22-13.15.57:687][  0]LogD3D11RHI: Async texture creation disabled: no driver support
[2015.10.22-13.15.57:697][  0]LogShaderCompilers: Guid format shader working directory is 15 characters bigger than the processId version (../../../../../../MyGAMES/MyProject2/Intermediate/Shaders/WorkingDirectory/8112/).
[2015.10.22-13.15.57:697][  0]LogShaderCompilers: Cleaned the shader compiler working directory '../../../../../../MyGAMES/MyProject2/Intermediate/Shaders/tmp/A943954F456F3605F2E2929EA06E56DD/'.
[2015.10.22-13.15.57:697][  0]LogShaderCompilers:Display: Using Local Shader Compiler.
[2015.10.22-13.15.58:576][  0]LogTemp:Display: Loaded TP AllDesktopTargetPlatform
[2015.10.22-13.15.58:581][  0]LogTemp:Display: Loaded TP WindowsClientTargetPlatform
[2015.10.22-13.15.58:585][  0]LogTemp:Display: Loaded TP WindowsNoEditorTargetPlatform
[2015.10.22-13.15.58:589][  0]LogTemp:Display: Loaded TP WindowsServerTargetPlatform
[2015.10.22-13.15.58:593][  0]LogTemp:Display: Loaded TP WindowsTargetPlatform
[2015.10.22-13.15.58:595][  0]LogTemp:Display: Loaded TP AndroidTargetPlatform
[2015.10.22-13.15.58:599][  0]LogTemp:Display: Loaded TP Android_ASTCTargetPlatform
[2015.10.22-13.15.58:602][  0]LogTemp:Display: Loaded TP Android_ATCTargetPlatform
[2015.10.22-13.15.58:606][  0]LogTemp:Display: Loaded TP Android_DXTTargetPlatform
[2015.10.22-13.15.58:608][  0]LogTemp:Display: Loaded TP Android_ETC1TargetPlatform
[2015.10.22-13.15.58:611][  0]LogTemp:Display: Loaded TP Android_ETC2TargetPlatform
[2015.10.22-13.15.58:613][  0]LogTemp:Display: Loaded TP Android_PVRTCTargetPlatform
[2015.10.22-13.15.58:614][  0]LogTemp:Display: Loaded TP HTML5TargetPlatform
[2015.10.22-13.15.58:630][  0]LogTemp:Display: Loaded TP IOSTargetPlatform
[2015.10.22-13.15.58:633][  0]LogTemp:Display: Loaded TP LinuxNoEditorTargetPlatform
[2015.10.22-13.15.58:636][  0]LogTemp:Display: Loaded TP LinuxServerTargetPlatform
[2015.10.22-13.15.58:639][  0]LogTemp:Display: Loaded TP LinuxTargetPlatform
[2015.10.22-13.15.58:639][  0]LogTargetPlatformManager:Display: Building Assets For Windows
[2015.10.22-13.15.58:717][  0]LogDerivedDataCache:Display: Max Cache Size: 512 MB
[2015.10.22-13.15.58:762][  0]LogDerivedDataCache: Loaded boot cache 0.05s 41MB C:/Users/liliu/AppData/Local/UnrealEngine/4.9/DerivedDataCache/Boot.ddc.
[2015.10.22-13.15.58:762][  0]LogDerivedDataCache:Display: Loaded Boot cache: C:/Users/liliu/AppData/Local/UnrealEngine/4.9/DerivedDataCache/Boot.ddc
[2015.10.22-13.15.58:762][  0]LogDerivedDataCache: FDerivedDataBackendGraph:  Pak pak cache file ../../../../../../MyGAMES/MyProject2/DerivedDataCache/DDC.ddp not found, will not use a pak cache.
[2015.10.22-13.15.58:762][  0]LogDerivedDataCache: Unable to find inner node Pak for hierarchical cache Hierarchy.
[2015.10.22-13.15.58:762][  0]LogDerivedDataCache: FDerivedDataBackendGraph:  CompressedPak pak cache file ../../../../../../MyGAMES/MyProject2/DerivedDataCache/Compressed.ddp not found, will not use a pak cache.
[2015.10.22-13.15.58:762][  0]LogDerivedDataCache: Unable to find inner node CompressedPak for hierarchical cache Hierarchy.
[2015.10.22-13.15.58:891][  0]LogDerivedDataCache:Display: Pak cache opened for reading ../../../Engine/DerivedDataCache/Compressed.ddp.
[2015.10.22-13.15.58:903][  0]LogDerivedDataCache: Using Local data cache path C:/Users/liliu/AppData/Local/UnrealEngine/Common/DerivedDataCache: Writable
[2015.10.22-13.15.59:070][  0]LogInit: Selected Device Profile: [Windows]
[2015.10.22-13.15.59:074][  0]LogContentStreaming: Texture pool size is 0.000000MB
[2015.10.22-13.15.59:226][  0]LogMeshUtilities: No automatic mesh reduction module available
[2015.10.22-13.15.59:226][  0]LogMeshUtilities: No automatic mesh merging module available
[2015.10.22-13.15.59:442][  0]LogInit: WinSock: version 1.1 (2.2), MaxSocks=32767, MaxUdp=65467
[2015.10.22-13.16.00:040][  0]UdpMessaging: Initializing bridge on interface 0.0.0.0:0 to multicast group 230.0.0.1:6666.
[2015.10.22-13.16.00:133][  0]LogAssetRegistry: FAssetRegistry took 0.0110 seconds to start up
[2015.10.22-13.16.00:315][  0]SourceControl: Info Source control is disabled
[2015.10.22-13.16.00:316][  0]SourceControl: Info Source control is disabled
[2015.10.22-13.16.00:324][  0]SourceControl: Info Source control is disabled
[2015.10.22-13.16.00:333][  0]SourceControl: Info Source control is disabled
[2015.10.22-13.16.00:457][  0]LogLinker:Warning: Asset '../../../Engine/Plugins/Runtime/LeapMotionController/Content/LM_PassthroughMaterial.uasset' has been saved with empty engine version. The asset will be loaded but may be incompatible.
[2015.10.22-13.16.00:530][  0]LogObj: 28361 objects as part of root set at end of initial load.
[2015.10.22-13.16.00:530][  0]LogUObjectAllocator: 6038864 out of 0 bytes used by permanent object pool.
[2015.10.22-13.16.00:585][  0]LogEngine: Initializing Engine...
[2015.10.22-13.16.00:587][  0]LogHMD: Can't find Oculus library dev build: is proper Runtime installed? Version: 0.7.0.0
[2015.10.22-13.16.00:587][  0]LogHMD: SteamVR failed to initialize.  Err: 110
[2015.10.22-13.16.00:707][  0]LogAIModule: Creating AISystem for world NewWorld
[2015.10.22-13.16.00:714][  0]LogInit: XAudio2 using 'Haut-parleurs (Realtek High Definition Audio)' : 8 channels at 48 kHz using 32 bits per sample (channel mask 0x63f)
[2015.10.22-13.16.00:725][  0]LogInit: FAudioDevice initialized.
[2015.10.22-13.16.00:746][  0]LogDerivedDataCache: Saved boot cache 0.02s 41MB C:/Users/liliu/AppData/Local/UnrealEngine/4.9/DerivedDataCache/Boot.ddc.
[2015.10.22-13.16.00:752][  0]LogInit: Texture streaming: Enabled
[2015.10.22-13.16.00:760][  0]LogAnalytics: Creating configured Analytics provider AnalyticsET
[2015.10.22-13.16.00:760][  0]LogAnalytics: [UEEditor.Rocket.Release] APIServer = http://et2.epicgames.com/ET2/. AppVersion = 4.9.2-2707645+++depot+UE4-Releases+4.9
[2015.10.22-13.16.00:760][  0]LogAnalytics: [UEEditor.Rocket.Release] SetUserId 71602e434846f1ec325ce9888374f8e1|8083a3ab479f42fd888931546077b44c|d0992da6-e7c3-4808-adbd-9ac2ef65295b
[2015.10.22-13.16.00:760][  0]LogAnalytics: [UEEditor.Rocket.Release] AnalyticsET::StartSession
[2015.10.22-13.16.00:766][  0]LogWindowsTextInputMethodSystem:Display: IME system now deactivated.
[2015.10.22-13.16.00:783][  0]LogInit: Transaction tracking system initialized
[2015.10.22-13.16.00:810][  0]BlueprintLog: New page: Editor Load
[2015.10.22-13.16.00:882][  0]LocalizationService: Info Localization service is disabled
[2015.10.22-13.16.00:957][  0]LogLinker:Warning: Can't find file '/Game/ThirdPersonBP/ThirdPersonOverview'
[2015.10.22-13.16.00:957][  0]LogLinker:Warning: Can't find file '/Game/ThirdPersonBP/ThirdPersonOverview'
[2015.10.22-13.16.00:957][  0]LogUObjectGlobals:Warning: Failed to find object 'Class /Game/ThirdPersonBP/ThirdPersonOverview.ThirdPersonOverview_C'
[2015.10.22-13.16.00:971][  0]LogConsoleResponse:Display: 
[2015.10.22-13.16.01:083][  0]LogCook:Display: Done creating registry. It took  0.00s.
[2015.10.22-13.16.01:137][  0]LogFileCache: Scanning file cache for directory 'D:/MyGAMES/MyProject2/Content/' took 0.02s
[2015.10.22-13.16.01:137][  0]SourceControl: Info Source control is disabled
[2015.10.22-13.16.01:138][  0]Cmd: MAP LOAD FILE="../../../Engine/Content/Maps/Templates/Template_Default.umap" TEMPLATE=1 SHOWPROGRESS=1 FEATURELEVEL=3
[2015.10.22-13.16.01:138][  0]LightingResults: New page: Lighting Build
[2015.10.22-13.16.01:141][  0]MapCheck: New page: Map Check
[2015.10.22-13.16.01:141][  0]LightingResults: New page: Lighting Build
[2015.10.22-13.16.01:150][  0]LogParticles: Destroying 0 GPU particle simulations for FXSystem 0x0000008388A4DDA0
[2015.10.22-13.16.01:403][  0]LogAIModule: Creating AISystem for world Untitled_1
[2015.10.22-13.16.01:409][  0]LogEditorServer: Finished looking for orphan Actors (0.000 secs)
[2015.10.22-13.16.01:444][  0]Cmd: MAP CHECKDEP NOCLEARLOG
[2015.10.22-13.16.01:475][  0]MapCheck: Info Map check complete: 0 Error(s), 0 Warning(s), took 30.631ms to complete.
[2015.10.22-13.16.01:475][  0]LogFileHelpers: Loading map 'Template_Default' took 0.337
[2015.10.22-13.16.01:857][  0]LogCollectionManager: Loaded 0 collections in 0.001560 seconds
[2015.10.22-13.16.01:896][  0]LogFileCache: Scanning file cache for directory 'D:/MyGAMES/MyProject2/Saved/Collections/' took 0.01s
[2015.10.22-13.16.01:896][  0]LogFileCache: Scanning file cache for directory 'D:/MyGAMES/MyProject2/Content/Developers/liliu/Collections/' took 0.01s
[2015.10.22-13.16.01:896][  0]LogFileCache: Scanning file cache for directory 'D:/MyGAMES/MyProject2/Content/Collections/' took 0.01s
[2015.10.22-13.16.01:896][  0]LogContentBrowser: Native class hierarchy populated in 0.0052 seconds. Added 1868 classes and 336 folders.
[2015.10.22-13.16.01:903][  0]LogCollectionManager: Rebuilt the GUID cache for 0 collections in 0.000002 seconds
[2015.10.22-13.16.01:908][  0]LogContentBrowser: Native class hierarchy updated for 'WidgetCarousel' in 0.0004 seconds. Added 0 classes and 0 folders.
[2015.10.22-13.16.03:829][  0]LogContentBrowser: Native class hierarchy updated for 'AddContentDialog' in 0.0010 seconds. Added 0 classes and 0 folders.
[2015.10.22-13.16.03:879][  0]LogContentBrowser: Native class hierarchy updated for 'SceneOutliner' in 0.0009 seconds. Added 1 classes and 2 folders.
[2015.10.22-13.16.04:458][  0]LogCrashTracker: Crashtracker disabled due to settings.
[2015.10.22-13.16.04:588][  0]LogUObjectGlobals:Warning: Failed to find object 'Class None.'
[2015.10.22-13.16.04:610][  0]LogLoad: Full Startup: 8.20 seconds (BP compile: 0.04 seconds)
[2015.10.22-13.16.05:142][  0]LogContentStreaming: Texture pool size now 1000 MB
[2015.10.22-13.16.05:438][  0]LogRenderer: Reallocating scene render targets to support 1244x608 (Frame:2).
[2015.10.22-13.16.11:513][415]LogAssetRegistry: Asset discovery search completed in 11.3907 seconds
[2015.10.22-13.16.11:513][415]LogCollectionManager: Rebuilt the object cache for 0 collections in 0.000001 seconds (found 0 objects)
[2015.10.22-13.16.11:513][415]LogCollectionManager: Fixed up redirectors for 0 collections in 0.000023 seconds (updated 0 objects)
[2015.10.22-13.16.27:601][786]LogAIModule: Creating AISystem for world MainLVL
[2015.10.22-13.16.27:635][786]Cmd: MAP LOAD FILE="../../../../../../MyGAMES/MyProject2/Content/MainLVL.umap" TEMPLATE=0 SHOWPROGRESS=1 FEATURELEVEL=3
[2015.10.22-13.16.27:635][786]LightingResults: New page: Lighting Build
[2015.10.22-13.16.27:661][786]LoadErrors: New page: Loading map: MainLVL.umap
[2015.10.22-13.16.27:676][786]MapCheck: New page: Map Check
[2015.10.22-13.16.27:676][786]LightingResults: New page: Lighting Build
[2015.10.22-13.16.27:687][786]LogParticles: Destroying 0 GPU particle simulations for FXSystem 0x00000083F8D2B2E0
[2015.10.22-13.16.27:727][786]LogEditorServer: Finished looking for orphan Actors (0.000 secs)
[2015.10.22-13.16.27:747][786]Cmd: MAP CHECKDEP NOCLEARLOG
[2015.10.22-13.16.27:778][786]MapCheck: Info Map check complete: 0 Error(s), 0 Warning(s), took 30.858ms to complete.
[2015.10.22-13.16.27:778][786]LogFileHelpers: Loading map 'MainLVL' took 0.144
[2015.10.22-13.16.37:155][865]LogTexture:Display: Building textures: Texture2D_2 (G8)
[2015.10.22-13.17.02:447][855]LogMaterial: Missing cached shader map for material M_Photoscan_Master, compiling. 
[2015.10.22-13.17.13:472][855]LogTexture:Display: Building textures: T_AlpinePatch001_D_R (AutoDXT)
[2015.10.22-13.18.19:991][855]LogTexture:Display: Building textures: T_AlpinePatch001_N (BC5)
[2015.10.22-13.18.37:527][765]LogTexture:Display: Building textures: Texture2D_3 (BGRA8)
[2015.10.22-13.18.37:618][766]Cmd: UpdateLandscapeEditorData
[2015.10.22-13.18.56:292][518]Cmd: UpdateLandscapeEditorData
[2015.10.22-13.19.03:387][ 89]Cmd: UpdateLandscapeEditorData
[2015.10.22-13.19.05:941][291]Cmd: UpdateLandscapeEditorData
[2015.10.22-13.19.07:317][398]Cmd: UpdateLandscapeEditorData
[2015.10.22-13.19.08:012][456]Cmd: UpdateLandscapeEditorData
[2015.10.22-13.19.19:045][442]LogEditorViewport: Clicking on Actor (LMB): Landscape (Landscape)
[2015.10.22-13.19.20:162][541]LogEditorViewport: Clicking on Actor (LMB): Landscape (Landscape)
[2015.10.22-13.19.27:361][201]LogEditorViewport: Clicking on Actor (LMB): Landscape (Landscape)
[2015.10.22-13.19.29:541][400]LogEditorViewport: Clicking on Actor (LMB): Landscape (Landscape)
[2015.10.22-13.19.30:087][447]LogEditorViewport: Clicking on Actor (LMB): Landscape (Landscape)
[2015.10.22-13.19.37:858][138]Cmd: TRANSACTION UNDO
[2015.10.22-13.19.37:892][138]LogEditorTransaction: Undo Move Actors
[2015.10.22-13.19.38:086][139]Cmd: UpdateLandscapeEditorData
[2015.10.22-13.19.38:253][149]Cmd: TRANSACTION UNDO
[2015.10.22-13.19.38:253][149]LogEditorTransaction: Undo Clicking on Actors
[2015.10.22-13.19.38:894][204]Cmd: TRANSACTION UNDO
[2015.10.22-13.19.38:894][204]LogEditorTransaction: Undo Clicking on Actors
[2015.10.22-13.19.39:449][254]Cmd: TRANSACTION UNDO
[2015.10.22-13.19.39:449][254]LogEditorTransaction: Undo Clicking on Actors
[2015.10.22-13.19.42:776][552]Cmd: TRANSACTION UNDO
[2015.10.22-13.19.42:776][552]LogEditorTransaction: Undo Move Actors
[2015.10.22-13.19.42:832][553]Cmd: UpdateLandscapeEditorData
[2015.10.22-13.19.43:952][636]LogEditorViewport: Clicking on Actor (LMB): Landscape (Landscape)
[2015.10.22-13.19.52:668][229]LogEditorViewport: Clicking on Actor (LMB): Landscape (Landscape)
[2015.10.22-13.19.55:925][469]Cmd: UpdateLandscapeEditorData
[2015.10.22-13.19.57:946][623]Cmd: UpdateLandscapeEditorData
[2015.10.22-13.20.00:521][819]Cmd: UpdateLandscapeEditorData
[2015.10.22-13.20.03:109][ 52]Cmd: UpdateLandscapeEditorData
[2015.10.22-13.20.04:246][172]LogEditorViewport: Clicking on Actor (LMB): Landscape (Landscape)
[2015.10.22-13.20.08:164][590]LogEditorViewport: Clicking on Actor (LMB): Landscape (Landscape)
[2015.10.22-13.21.23:537][513]LogEditorViewport: Clicking on Actor (LMB): BP_Sky_Sphere_C (Sky Sphere)
[2015.10.22-13.21.28:549][972]LogEditorViewport: Clicking on Actor (LMB): Landscape (Landscape)
[2015.10.22-13.21.38:760][896]LogEditorViewport: Clicking on Actor (LMB): BP_Sky_Sphere_C (Sky Sphere)
[2015.10.22-13.21.42:239][200]LogEditorViewport: Clicking on Actor (LMB): Landscape (Landscape)
[2015.10.22-13.21.48:140][635]Cmd: UpdateLandscapeEditorData
[2015.10.22-13.21.51:622][894]Cmd: UpdateLandscapeEditorData
[2015.10.22-13.21.55:323][132]Cmd: UpdateLandscapeEditorData
[2015.10.22-13.21.57:783][328]LogEditorViewport: Clicking on Actor (LMB): BP_Sky_Sphere_C (Sky Sphere)
[2015.10.22-13.21.58:577][401]LogEditorViewport: Clicking on Actor (LMB): Landscape (Landscape)
[2015.10.22-13.21.59:720][501]MapCheck: New page: Map Check
[2015.10.22-13.21.59:959][501]Cmd: MAP REBUILD ALLVISIBLE
[2015.10.22-13.21.59:967][501]LogEditorServer: Rebuildmap Clear paths rebuilt
[2015.10.22-13.22.00:104][501]LogActorComponent: UnregisterComponent: (/Engine/Transient.CharMoveComp) Not registered. Aborting.
[2015.10.22-13.22.00:146][501]MapCheck:Warning: Warning WorldSettings_1 Hierarchical LOD System is disabled or no HLOD level settings available, unable to build LOD actors. 
[2015.10.22-13.22.00:146][501]LogStats:          STAT_HLOD_BuildClusters - 41.943 ms
[2015.10.22-13.22.00:186][501]LightingResults: New page: Lighting Build - Oct 22, 2015, 5:22:00 PM
[2015.10.22-13.22.06:366][501]LogStaticLightingSystem:Warning: No importance volume found, so the scene bounding box was used.  You can optimize your scene's quality and lighting build times by adding importance volumes.
[2015.10.22-13.22.06:368][501]LogStaticLightingSystem: Running Lightmass w/ ImmediateImport mode ENABLED
[2015.10.22-13.22.06:368][501]LogStaticLightingSystem: Running Lightmass w/ ImmediateProcess mode ENABLED
[2015.10.22-13.22.06:385][501]LogStaticLightingSystem: Running Lightmass w/ Sorting mode ENABLED
[2015.10.22-13.22.06:385][501]LogStaticLightingSystem: Running Lightmass w/ Mapping paddings ENABLED
[2015.10.22-13.22.06:385][501]LogStaticLightingSystem: Running Lightmass w/ Mapping debug paddings DISABLED
[2015.10.22-13.22.06:674][501]LogEditorBuildUtils: Build time 0:00:06
[2015.10.22-13.22.06:772][502]Cmd: UpdateLandscapeEditorData
[2015.10.22-13.22.06:779][502]LogMaterial: Missing cached shader map for material FLightmassMaterialRenderer LandscapeMaterialInstanceConstant_1, compiling. 
[2015.10.22-13.22.06:787][502]LogMaterial: Missing cached shader map for material FLightmassMaterialRenderer LandscapeMaterialInstanceConstant_1, compiling. 
[2015.10.22-13.22.16:062][892]LogEditorViewport: Clicking on Actor (LMB): BP_Sky_Sphere_C (Sky Sphere)
[2015.10.22-13.22.23:972][692]Job is a success!
[2015.10.22-13.22.24:201][693]LogTexture:Display: Building textures: HQ_Lightmap0_1 (AutoDXT)
[2015.10.22-13.22.24:213][693]LogTexture:Display: Building textures: LQ_Lightmap_0_7 (DXT1)
[2015.10.22-13.22.24:214][693]LogTexture:Display: Building textures: HQ_Lightmap0_7 (AutoDXT)
[2015.10.22-13.22.24:214][693]LogTexture:Display: Building textures: LQ_Lightmap_0_6 (DXT1)
[2015.10.22-13.22.24:215][693]LogTexture:Display: Building textures: HQ_Lightmap0_6 (AutoDXT)
[2015.10.22-13.22.24:217][693]LogTexture:Display: Building textures: LQ_Lightmap_0_5 (DXT1)
[2015.10.22-13.22.24:228][693]LogTexture:Display: Building textures: HQ_Lightmap0_5 (AutoDXT)
[2015.10.22-13.22.24:241][693]LogTexture:Display: Building textures: LQ_Lightmap_0_4 (DXT1)
[2015.10.22-13.22.24:256][693]LogTexture:Display: Building textures: HQ_Lightmap0_4 (AutoDXT)
[2015.10.22-13.22.24:276][693]LogTexture:Display: Building textures: LQ_Lightmap_0_3 (DXT1)
[2015.10.22-13.22.24:287][693]LogTexture:Display: Building textures: HQ_Lightmap0_3 (AutoDXT)
[2015.10.22-13.22.24:300][693]LogTexture:Display: Building textures: LQ_Lightmap_1_2 (DXT1)
[2015.10.22-13.22.24:317][693]LogTexture:Display: Building textures: HQ_Lightmap1_2 (AutoDXT)
[2015.10.22-13.22.24:344][693]LogTexture:Display: Building textures: LQ_Lightmap_0_1 (DXT1)
[2015.10.22-13.22.24:376][693]LogTexture:Display: Building textures: ShadowMapTexture2D_0 (G8)
[2015.10.22-13.22.24:402][693]LogTexture:Display: Building textures: ShadowMapTexture2D_3 (G8)
[2015.10.22-13.22.24:431][693]LogTexture:Display: Building textures: ShadowMapTexture2D_4 (G8)
[2015.10.22-13.22.24:456][693]LogTexture:Display: Building textures: ShadowMapTexture2D_5 (G8)
[2015.10.22-13.22.24:482][693]LogTexture:Display: Building textures: ShadowMapTexture2D_6 (G8)
[2015.10.22-13.22.24:488][693]LogTexture:Display: Building textures: ShadowMapTexture2D_7 (G8)
[2015.10.22-13.22.24:490][693]LogTexture:Display: Building textures: ShadowMapTexture2D_8 (G8)
[2015.10.22-13.22.24:544][693]Lightmass on REIIZDESKTOP: 13.3 sec total, 4.96 sec importing, 725 ms setup, 442 ms photons, 7.20 sec processing, 0 ms extra exporting [66/66 mappings]. Threads: 50.2 sec total, 38.0 sec processing.
[2015.10.22-13.22.24:575][693]LogStaticLightingSystem: Illumination: 24.3 sec (359 ms encoding lightmaps)
[2015.10.22-13.22.24:575][693]LogStaticLightingSystem: Lightmap texture memory:  1.7 MB (1.7 MB streaming, 0.0 MB non-streaming), 14 textures
[2015.10.22-13.22.24:575][693]LogStaticLightingSystem: Shadowmap texture memory: 0.8 MB (0.8 MB streaming, 0.0 MB non-streaming), 7 textures
[2015.10.22-13.22.25:393][694]Cmd: UpdateLandscapeEditorData
[2015.10.22-13.22.25:395][694]Cmd: MAP CHECK NOTIFYRESULTS
[2015.10.22-13.22.25:395][694]MapCheck: New page: MainLVL - Oct 22, 2015, 5:22:25 PM
[2015.10.22-13.22.26:687][694]MapCheck: Info Map check complete: 0 Error(s), 0 Warning(s), took 1,292.002ms to complete.
[2015.10.22-13.22.46:123][ 50]LogTexture:Display: Building textures: T_AlpinePatch001_D_alt_R (AutoDXT)
[2015.10.22-13.23.51:764][ 50]LogMaterial: Missing cached shader map for material M_Photoscan_Master, compiling. 
[2015.10.22-13.23.53:453][162]LogEditorViewport: Clicking on Actor (LMB): Landscape (Landscape)
[2015.10.22-13.24.13:720][614]LogEditorViewport: Clicking on Actor (LMB): Landscape (Landscape)
[2015.10.22-13.24.17:193][996]LogBlueprintUserMessages: Early PlayInEditor Detection: Level '/Game/MainLVL.MainLVL:PersistentLevel' has LevelScriptBlueprint '/Game/MainLVL.MainLVL:PersistentLevel.MainLVL' with GeneratedClass '/Game/MainLVL.MainLVL_C' with ClassGeneratedBy '/Game/MainLVL.MainLVL:PersistentLevel.MainLVL'
[2015.10.22-13.24.17:193][996]LogPlayLevel: PlayLevel: No blueprints needed recompiling
[2015.10.22-13.24.17:233][996]PIE: New page: PIE session: MainLVL (Oct 22, 2015, 5:24:17 PM)
[2015.10.22-13.24.17:307][996]LogPlayLevel: Creating play world package: /Game/UEDPIE_0_MainLVL
[2015.10.22-13.24.17:534][996]LogPlayLevel: PIE: StaticDuplicateObject took: (0.226393s)
[2015.10.22-13.24.17:847][996]LogAIModule: Creating AISystem for world MainLVL
[2015.10.22-13.24.17:878][996]LogPlayLevel: PIE: World Init took: (0.343789s)
[2015.10.22-13.24.17:896][996]LogPlayLevel: PIE: Created PIE world by copying editor world from /Game/MainLVL.MainLVL to /Game/UEDPIE_0_MainLVL.MainLVL (0.600325s)
[2015.10.22-13.24.18:133][996]LogInit: XAudio2 using 'Haut-parleurs (Realtek High Definition Audio)' : 8 channels at 48 kHz using 32 bits per sample (channel mask 0x63f)
[2015.10.22-13.24.18:179][996]LogInit: FAudioDevice initialized.
[2015.10.22-13.24.18:596][996]LogWorld: Game class is 'MyGamemode_C'
[2015.10.22-13.24.18:779][996]LogWorld: Bringing World /Game/UEDPIE_0_MainLVL.MainLVL up for play (max tick rate 0) at 2015.10.22-15.24.18
[2015.10.22-13.24.18:779][996]LogActor:Warning: GameSession /Game/UEDPIE_0_MainLVL.MainLVL:PersistentLevel.GameSession_0 has natively added scene component(s), but none of them were set as the actor's RootComponent - picking one arbitrarily
[2015.10.22-13.24.18:835][996]LogActor:Warning: GameNetworkManager /Game/UEDPIE_0_MainLVL.MainLVL:PersistentLevel.GameNetworkManager_0 has natively added scene component(s), but none of them were set as the actor's RootComponent - picking one arbitrarily
[2015.10.22-13.24.18:853][996]LogWorld: Bringing up level for play took: 0.094309
[2015.10.22-13.24.19:294][996]PIE: Info Play in editor start time for /Game/UEDPIE_0_MainLVL 3.052
[2015.10.22-13.24.19:294][996]LogBlueprintUserMessages: Late PlayInEditor Detection: Level '/Game/MainLVL.MainLVL:PersistentLevel' has LevelScriptBlueprint '/Game/MainLVL.MainLVL:PersistentLevel.MainLVL' with GeneratedClass '/Game/MainLVL.MainLVL_C' with ClassGeneratedBy '/Game/MainLVL.MainLVL:PersistentLevel.MainLVL'
[2015.10.22-13.24.39:698][382]LogBlueprintUserMessages: Early EndPlayMap Detection: Level '/Game/MainLVL.MainLVL:PersistentLevel' has LevelScriptBlueprint '/Game/MainLVL.MainLVL:PersistentLevel.MainLVL' with GeneratedClass '/Game/MainLVL.MainLVL_C' with ClassGeneratedBy '/Game/MainLVL.MainLVL:PersistentLevel.MainLVL'
[2015.10.22-13.24.39:975][382]LogBlueprintUserMessages: Late EndPlayMap Detection: Level '/Game/MainLVL.MainLVL:PersistentLevel' has LevelScriptBlueprint '/Game/MainLVL.MainLVL:PersistentLevel.MainLVL' with GeneratedClass '/Game/MainLVL.MainLVL_C' with ClassGeneratedBy '/Game/MainLVL.MainLVL:PersistentLevel.MainLVL'
[2015.10.22-13.24.40:103][383]LogParticles: Destroying 0 GPU particle simulations for FXSystem 0x00000083E8DEC0E0
[2015.10.22-13.24.42:735][608]LogMaterial: 0.000654 seconds spent updating 1 materials, 1 interfaces, 0 instances, 0 with static permutations.
[2015.10.22-13.24.42:773][609]Cmd: UpdateLandscapeEditorData
[2015.10.22-13.24.42:774][609]Cmd: UpdateLandscapeMIC
[2015.10.22-13.25.00:940][489]Cmd: UpdateLandscapeEditorData
[2015.10.22-13.25.00:948][490]Cmd: UpdateLandscapeEditorData
[2015.10.22-13.25.00:966][492]Cmd: UpdateLandscapeEditorData
[2015.10.22-13.25.00:975][493]Cmd: UpdateLandscapeEditorData
[2015.10.22-13.25.00:983][494]Cmd: UpdateLandscapeEditorData
[2015.10.22-13.25.00:992][495]Cmd: UpdateLandscapeEditorData
[2015.10.22-13.25.01:001][496]Cmd: UpdateLandscapeEditorData
[2015.10.22-13.25.01:017][498]Cmd: UpdateLandscapeEditorData
[2015.10.22-13.25.01:152][514]Cmd: UpdateLandscapeEditorData
[2015.10.22-13.25.01:176][517]Cmd: UpdateLandscapeEditorData
[2015.10.22-13.25.01:185][518]Cmd: UpdateLandscapeEditorData
[2015.10.22-13.25.01:195][519]Cmd: UpdateLandscapeEditorData
[2015.10.22-13.25.01:211][521]Cmd: UpdateLandscapeEditorData
[2015.10.22-13.25.01:220][522]Cmd: UpdateLandscapeEditorData
[2015.10.22-13.25.01:253][526]Cmd: UpdateLandscapeEditorData
[2015.10.22-13.25.01:370][540]Cmd: UpdateLandscapeEditorData
[2015.10.22-13.25.01:387][542]Cmd: UpdateLandscapeEditorData
[2015.10.22-13.25.01:395][543]Cmd: UpdateLandscapeEditorData
[2015.10.22-13.25.01:405][544]Cmd: UpdateLandscapeEditorData
[2015.10.22-13.25.01:413][545]Cmd: UpdateLandscapeEditorData
[2015.10.22-13.25.01:440][548]Cmd: UpdateLandscapeEditorData
[2015.10.22-13.25.01:581][565]Cmd: UpdateLandscapeEditorData
[2015.10.22-13.25.01:590][566]Cmd: UpdateLandscapeEditorData
[2015.10.22-13.25.01:597][567]Cmd: UpdateLandscapeEditorData
[2015.10.22-13.25.01:607][568]Cmd: UpdateLandscapeEditorData
[2015.10.22-13.25.01:616][569]Cmd: UpdateLandscapeEditorData
[2015.10.22-13.25.01:624][570]Cmd: UpdateLandscapeEditorData
[2015.10.22-13.25.01:632][571]Cmd: UpdateLandscapeEditorData
[2015.10.22-13.25.01:642][572]Cmd: UpdateLandscapeEditorData
[2015.10.22-13.25.01:651][573]Cmd: UpdateLandscapeEditorData
[2015.10.22-13.25.01:659][574]Cmd: UpdateLandscapeEditorData
[2015.10.22-13.25.01:667][575]Cmd: UpdateLandscapeEditorData
[2015.10.22-13.25.01:675][576]Cmd: UpdateLandscapeEditorData
[2015.10.22-13.25.01:685][577]Cmd: UpdateLandscapeEditorData
[2015.10.22-13.25.01:694][578]Cmd: UpdateLandscapeEditorData
[2015.10.22-13.25.01:703][579]Cmd: UpdateLandscapeEditorData
[2015.10.22-13.25.01:712][580]Cmd: UpdateLandscapeEditorData
[2015.10.22-13.25.01:721][581]Cmd: UpdateLandscapeEditorData
[2015.10.22-13.25.01:729][582]Cmd: UpdateLandscapeEditorData
[2015.10.22-13.25.01:740][583]Cmd: UpdateLandscapeEditorData
[2015.10.22-13.25.01:746][584]Cmd: UpdateLandscapeEditorData
[2015.10.22-13.25.01:756][585]Cmd: UpdateLandscapeEditorData
[2015.10.22-13.25.01:764][586]Cmd: UpdateLandscapeEditorData
[2015.10.22-13.25.01:774][587]Cmd: UpdateLandscapeEditorData
[2015.10.22-13.25.02:251][644]Cmd: UpdateLandscapeEditorData
[2015.10.22-13.25.05:524][912]Cmd: UpdateLandscapeEditorData
[2015.10.22-13.25.16:445][ 93]Cmd: UpdateLandscapeEditorData
[2015.10.22-13.25.33:121][748]LogEditorViewport: Clicking on Actor (LMB): StaticMeshActor (Floor)
[2015.10.22-13.27.37:524][937]Cmd: TRANSACTION UNDO
[2015.10.22-13.27.37:524][937]LogEditorTransaction: Undo Replace component used material
[2015.10.22-13.27.37:971][962]Cmd: TRANSACTION UNDO
[2015.10.22-13.27.37:971][962]LogEditorTransaction: Undo Replace component used material
[2015.10.22-13.28.01:119][286]LogMaterial: Missing cached shader map for material M_Ground_Grass2, compiling. 
[2015.10.22-13.28.08:978][ 98]LogEditorViewport: Clicking on Actor (LMB): StaticMeshActor (Floor)
[2015.10.22-13.28.53:488][583]LogBlueprintUserMessages: Early PlayInEditor Detection: Level '/Game/MainLVL.MainLVL:PersistentLevel' has LevelScriptBlueprint '/Game/MainLVL.MainLVL:PersistentLevel.MainLVL' with GeneratedClass '/Game/MainLVL.MainLVL_C' with ClassGeneratedBy '/Game/MainLVL.MainLVL:PersistentLevel.MainLVL'
[2015.10.22-13.28.53:488][583]LogPlayLevel: PlayLevel: No blueprints needed recompiling
[2015.10.22-13.28.53:488][583]PIE: New page: PIE session: MainLVL (Oct 22, 2015, 5:28:53 PM)
[2015.10.22-13.28.53:488][583]LogPlayLevel: Creating play world package: /Game/UEDPIE_0_MainLVL
[2015.10.22-13.28.53:498][583]LogPlayLevel: PIE: StaticDuplicateObject took: (0.010096s)
[2015.10.22-13.28.53:499][583]LogAIModule: Creating AISystem for world MainLVL
[2015.10.22-13.28.53:499][583]LogPlayLevel: PIE: World Init took: (0.000803s)
[2015.10.22-13.28.53:499][583]LogPlayLevel: PIE: Created PIE world by copying editor world from /Game/MainLVL.MainLVL to /Game/UEDPIE_0_MainLVL.MainLVL (0.011081s)
[2015.10.22-13.28.53:517][583]LogInit: XAudio2 using 'Haut-parleurs (Realtek High Definition Audio)' : 8 channels at 48 kHz using 32 bits per sample (channel mask 0x63f)
[2015.10.22-13.28.53:525][583]LogInit: FAudioDevice initialized.
[2015.10.22-13.28.53:562][583]LogWorld: Game class is 'MyGamemode_C'
[2015.10.22-13.28.53:571][583]LogWorld: Bringing World /Game/UEDPIE_0_MainLVL.MainLVL up for play (max tick rate 0) at 2015.10.22-15.28.53
[2015.10.22-13.28.53:571][583]LogActor:Warning: GameSession /Game/UEDPIE_0_MainLVL.MainLVL:PersistentLevel.GameSession_1 has natively added scene component(s), but none of them were set as the actor's RootComponent - picking one arbitrarily
[2015.10.22-13.28.53:571][583]LogActor:Warning: GameNetworkManager /Game/UEDPIE_0_MainLVL.MainLVL:PersistentLevel.GameNetworkManager_1 has natively added scene component(s), but none of them were set as the actor's RootComponent - picking one arbitrarily
[2015.10.22-13.28.53:579][583]LogWorld: Bringing up level for play took: 0.016215
[2015.10.22-13.28.53:581][583]PIE: Info Play in editor start time for /Game/UEDPIE_0_MainLVL -0.661
[2015.10.22-13.28.53:581][583]LogBlueprintUserMessages: Late PlayInEditor Detection: Level '/Game/MainLVL.MainLVL:PersistentLevel' has LevelScriptBlueprint '/Game/MainLVL.MainLVL:PersistentLevel.MainLVL' with GeneratedClass '/Game/MainLVL.MainLVL_C' with ClassGeneratedBy '/Game/MainLVL.MainLVL:PersistentLevel.MainLVL'
[2015.10.22-13.29.30:483][895]LogBlueprintUserMessages: Early EndPlayMap Detection: Level '/Game/MainLVL.MainLVL:PersistentLevel' has LevelScriptBlueprint '/Game/MainLVL.MainLVL:PersistentLevel.MainLVL' with GeneratedClass '/Game/MainLVL.MainLVL_C' with ClassGeneratedBy '/Game/MainLVL.MainLVL:PersistentLevel.MainLVL'
[2015.10.22-13.29.30:513][895]LogBlueprintUserMessages: Late EndPlayMap Detection: Level '/Game/MainLVL.MainLVL:PersistentLevel' has LevelScriptBlueprint '/Game/MainLVL.MainLVL:PersistentLevel.MainLVL' with GeneratedClass '/Game/MainLVL.MainLVL_C' with ClassGeneratedBy '/Game/MainLVL.MainLVL:PersistentLevel.MainLVL'
[2015.10.22-13.29.30:514][895]LogActorComponent: UnregisterComponent: (/Engine/Transient.CharMoveComp) Not registered. Aborting.
[2015.10.22-13.29.30:524][895]LogParticles: Destroying 0 GPU particle simulations for FXSystem 0x00000084284EA2A0
[2015.10.22-13.29.32:330][109]MapCheck: New page: Map Check
[2015.10.22-13.29.32:365][109]Cmd: MAP REBUILD ALLVISIBLE
[2015.10.22-13.29.32:366][109]LogEditorServer: Rebuildmap Clear paths rebuilt
[2015.10.22-13.29.32:427][109]MapCheck:Warning: Warning WorldSettings_1 Hierarchical LOD System is disabled or no HLOD level settings available, unable to build LOD actors. 
[2015.10.22-13.29.32:427][109]LogStats:          STAT_HLOD_BuildClusters -  8.315 ms
[2015.10.22-13.29.32:427][109]LightingResults: New page: Lighting Build - Oct 22, 2015, 5:29:32 PM
[2015.10.22-13.29.37:078][109]LogStaticLightingSystem:Warning: No importance volume found, so the scene bounding box was used.  You can optimize your scene's quality and lighting build times by adding importance volumes.
[2015.10.22-13.29.37:079][109]LogStaticLightingSystem: Running Lightmass w/ ImmediateImport mode ENABLED
[2015.10.22-13.29.37:079][109]LogStaticLightingSystem: Running Lightmass w/ ImmediateProcess mode ENABLED
[2015.10.22-13.29.37:079][109]LogStaticLightingSystem: Running Lightmass w/ Sorting mode ENABLED
[2015.10.22-13.29.37:079][109]LogStaticLightingSystem: Running Lightmass w/ Mapping paddings ENABLED
[2015.10.22-13.29.37:079][109]LogStaticLightingSystem: Running Lightmass w/ Mapping debug paddings DISABLED
[2015.10.22-13.29.37:349][109]LogEditorBuildUtils: Build time 0:00:05
[2015.10.22-13.29.37:361][109]LogMaterial: Missing cached shader map for material FLightmassMaterialRenderer M_Ground_Grass2, compiling. 
[2015.10.22-13.29.37:384][109]LogMaterial: Missing cached shader map for material FLightmassMaterialRenderer M_Ground_Grass2, compiling. 
[2015.10.22-13.29.37:394][110]Cmd: UpdateLandscapeEditorData
[2015.10.22-13.29.37:409][110]LogMaterial: Missing cached shader map for material FLightmassMaterialRenderer LandscapeMaterialInstanceConstant_1, compiling. 
[2015.10.22-13.29.37:416][110]LogMaterial: Missing cached shader map for material FLightmassMaterialRenderer LandscapeMaterialInstanceConstant_1, compiling. 
[2015.10.22-13.29.48:346][151]Job is a success!
[2015.10.22-13.29.48:514][152]LogTexture:Display: Building textures: HQ_Lightmap1_1 (AutoDXT)
[2015.10.22-13.29.48:525][152]LogTexture:Display: Building textures: LQ_Lightmap_1_7 (DXT1)
[2015.10.22-13.29.48:526][152]LogTexture:Display: Building textures: HQ_Lightmap1_7 (AutoDXT)
[2015.10.22-13.29.48:526][152]LogTexture:Display: Building textures: LQ_Lightmap_1_6 (DXT1)
[2015.10.22-13.29.48:527][152]LogTexture:Display: Building textures: HQ_Lightmap1_6 (AutoDXT)
[2015.10.22-13.29.48:528][152]LogTexture:Display: Building textures: LQ_Lightmap_1_5 (DXT1)
[2015.10.22-13.29.48:539][152]LogTexture:Display: Building textures: HQ_Lightmap1_5 (AutoDXT)
[2015.10.22-13.29.48:552][152]LogTexture:Display: Building textures: LQ_Lightmap_1_4 (DXT1)
[2015.10.22-13.29.48:571][152]LogTexture:Display: Building textures: HQ_Lightmap1_4 (AutoDXT)
[2015.10.22-13.29.48:600][152]LogTexture:Display: Building textures: LQ_Lightmap_1_3 (DXT1)
[2015.10.22-13.29.48:611][152]LogTexture:Display: Building textures: HQ_Lightmap1_3 (AutoDXT)
[2015.10.22-13.29.48:625][152]LogTexture:Display: Building textures: LQ_Lightmap_0_2 (DXT1)
[2015.10.22-13.29.48:642][152]LogTexture:Display: Building textures: HQ_Lightmap0_2 (AutoDXT)
[2015.10.22-13.29.48:667][152]LogTexture:Display: Building textures: LQ_Lightmap_1_1 (DXT1)
[2015.10.22-13.29.48:699][152]LogTexture:Display: Building textures: ShadowMapTexture2D_9 (G8)
[2015.10.22-13.29.48:724][152]LogTexture:Display: Building textures: ShadowMapTexture2D_10 (G8)
[2015.10.22-13.29.48:748][152]LogTexture:Display: Building textures: ShadowMapTexture2D_11 (G8)
[2015.10.22-13.29.48:775][152]LogTexture:Display: Building textures: ShadowMapTexture2D_12 (G8)
[2015.10.22-13.29.48:801][152]LogTexture:Display: Building textures: ShadowMapTexture2D_13 (G8)
[2015.10.22-13.29.48:805][152]LogTexture:Display: Building textures: ShadowMapTexture2D_14 (G8)
[2015.10.22-13.29.48:807][152]LogTexture:Display: Building textures: ShadowMapTexture2D_15 (G8)
[2015.10.22-13.29.48:839][152]Lightmass on REIIZDESKTOP: 8.03 sec total, 357 ms importing, 706 ms setup, 426 ms photons, 6.48 sec processing, 0 ms extra exporting [66/66 mappings]. Threads: 45.2 sec total, 34.5 sec processing.
[2015.10.22-13.29.48:876][152]LogStaticLightingSystem: Illumination: 16.4 sec (354 ms encoding lightmaps)
[2015.10.22-13.29.48:876][152]LogStaticLightingSystem: Lightmap texture memory:  1.7 MB (1.7 MB streaming, 0.0 MB non-streaming), 14 textures
[2015.10.22-13.29.48:876][152]LogStaticLightingSystem: Shadowmap texture memory: 1.7 MB (1.7 MB streaming, 0.0 MB non-streaming), 14 textures
[2015.10.22-13.29.49:086][153]Cmd: UpdateLandscapeEditorData
[2015.10.22-13.29.49:087][153]Cmd: MAP CHECK NOTIFYRESULTS
[2015.10.22-13.29.49:087][153]MapCheck: New page: MainLVL - Oct 22, 2015, 5:29:49 PM
[2015.10.22-13.29.51:635][153]MapCheck: Info Map check complete: 0 Error(s), 0 Warning(s), took 2,548.1ms to complete.
[2015.10.22-13.29.58:521][948]LogEditorViewport: Clicking Background
[2015.10.22-13.29.59:412][ 54]LogEditorViewport: Clicking on Actor (LMB): StaticMeshActor (Floor)
[2015.10.22-13.30.00:286][152]LogEditorViewport: Clicking on Actor (LMB): StaticMeshActor (Floor)
[2015.10.22-13.30.16:084][ 42]MapCheck: New page: Map Check
[2015.10.22-13.30.16:113][ 42]Cmd: MAP REBUILD ALLVISIBLE
[2015.10.22-13.30.16:113][ 42]LogEditorServer: Rebuildmap Clear paths rebuilt
[2015.10.22-13.30.16:186][ 42]MapCheck:Warning: Warning WorldSettings_1 Hierarchical LOD System is disabled or no HLOD level settings available, unable to build LOD actors. 
[2015.10.22-13.30.16:186][ 42]LogStats:          STAT_HLOD_BuildClusters -  8.899 ms
[2015.10.22-13.30.16:186][ 42]LightingResults: New page: Lighting Build - Oct 22, 2015, 5:30:16 PM
[2015.10.22-13.30.20:753][ 42]LogStaticLightingSystem:Warning: No importance volume found, so the scene bounding box was used.  You can optimize your scene's quality and lighting build times by adding importance volumes.
[2015.10.22-13.30.20:754][ 42]LogStaticLightingSystem: Running Lightmass w/ ImmediateImport mode ENABLED
[2015.10.22-13.30.20:754][ 42]LogStaticLightingSystem: Running Lightmass w/ ImmediateProcess mode ENABLED
[2015.10.22-13.30.20:754][ 42]LogStaticLightingSystem: Running Lightmass w/ Sorting mode ENABLED
[2015.10.22-13.30.20:754][ 42]LogStaticLightingSystem: Running Lightmass w/ Mapping paddings ENABLED
[2015.10.22-13.30.20:754][ 42]LogStaticLightingSystem: Running Lightmass w/ Mapping debug paddings DISABLED
[2015.10.22-13.30.20:853][ 42]LogEditorBuildUtils: Build time 0:00:04
[2015.10.22-13.30.20:895][ 43]Cmd: UpdateLandscapeEditorData
[2015.10.22-13.30.28:748][938]Job is a success!
[2015.10.22-13.30.28:883][939]LogTexture:Display: Building textures: HQ_Lightmap0_1 (AutoDXT)
[2015.10.22-13.30.28:896][939]LogTexture:Display: Building textures: LQ_Lightmap_0_7 (DXT1)
[2015.10.22-13.30.28:896][939]LogTexture:Display: Building textures: HQ_Lightmap0_7 (AutoDXT)
[2015.10.22-13.30.28:897][939]LogTexture:Display: Building textures: LQ_Lightmap_0_6 (DXT1)
[2015.10.22-13.30.28:898][939]LogTexture:Display: Building textures: HQ_Lightmap0_6 (AutoDXT)
[2015.10.22-13.30.28:899][939]LogTexture:Display: Building textures: LQ_Lightmap_0_5 (DXT1)
[2015.10.22-13.30.28:910][939]LogTexture:Display: Building textures: HQ_Lightmap0_5 (AutoDXT)
[2015.10.22-13.30.28:927][939]LogTexture:Display: Building textures: LQ_Lightmap_0_4 (DXT1)
[2015.10.22-13.30.28:949][939]LogTexture:Display: Building textures: HQ_Lightmap0_4 (AutoDXT)
[2015.10.22-13.30.28:973][939]LogTexture:Display: Building textures: LQ_Lightmap_0_3 (DXT1)
[2015.10.22-13.30.28:983][939]LogTexture:Display: Building textures: HQ_Lightmap0_3 (AutoDXT)
[2015.10.22-13.30.28:998][939]LogTexture:Display: Building textures: LQ_Lightmap_1_2 (DXT1)
[2015.10.22-13.30.29:014][939]LogTexture:Display: Building textures: HQ_Lightmap1_2 (AutoDXT)
[2015.10.22-13.30.29:041][939]LogTexture:Display: Building textures: LQ_Lightmap_0_1 (DXT1)
[2015.10.22-13.30.29:071][939]LogTexture:Display: Building textures: ShadowMapTexture2D_16 (G8)
[2015.10.22-13.30.29:097][939]LogTexture:Display: Building textures: ShadowMapTexture2D_17 (G8)
[2015.10.22-13.30.29:121][939]LogTexture:Display: Building textures: ShadowMapTexture2D_18 (G8)
[2015.10.22-13.30.29:147][939]LogTexture:Display: Building textures: ShadowMapTexture2D_19 (G8)
[2015.10.22-13.30.29:175][939]LogTexture:Display: Building textures: ShadowMapTexture2D_20 (G8)
[2015.10.22-13.30.29:180][939]LogTexture:Display: Building textures: ShadowMapTexture2D_21 (G8)
[2015.10.22-13.30.29:181][939]LogTexture:Display: Building textures: ShadowMapTexture2D_22 (G8)
[2015.10.22-13.30.29:205][939]Lightmass on REIIZDESKTOP: 8.00 sec total, 332 ms importing, 702 ms setup, 427 ms photons, 6.51 sec processing, 0 ms extra exporting [66/66 mappings]. Threads: 45.4 sec total, 34.6 sec processing.
[2015.10.22-13.30.29:241][939]LogStaticLightingSystem: Illumination: 13.0 sec (357 ms encoding lightmaps)
[2015.10.22-13.30.29:241][939]LogStaticLightingSystem: Lightmap texture memory:  1.7 MB (1.7 MB streaming, 0.0 MB non-streaming), 14 textures
[2015.10.22-13.30.29:241][939]LogStaticLightingSystem: Shadowmap texture memory: 2.5 MB (2.5 MB streaming, 0.0 MB non-streaming), 21 textures
[2015.10.22-13.30.29:762][940]Cmd: UpdateLandscapeEditorData
[2015.10.22-13.30.29:763][940]Cmd: MAP CHECK NOTIFYRESULTS
[2015.10.22-13.30.29:763][940]MapCheck: New page: MainLVL - Oct 22, 2015, 5:30:29 PM
[2015.10.22-13.30.29:801][940]MapCheck: Info Map check complete: 0 Error(s), 0 Warning(s), took 37.754ms to complete.
[2015.10.22-13.30.46:657][962]LogEditorViewport: Clicking on Actor (context menu): StaticMeshActor (Floor)
[2015.10.22-13.30.46:954][966]LogEditorViewport: Clicking on Component (context menu): StaticMeshComponent (StaticMeshComponent0)
[2015.10.22-13.30.47:902][ 67]LogEditorViewport: Clicking on Component (LMB): StaticMeshComponent (StaticMeshComponent0)
[2015.10.22-13.31.05:955][ 12]LogMaterial: 0.000465 seconds spent updating 1 materials, 1 interfaces, 0 instances, 0 with static permutations.
[2015.10.22-13.31.05:977][ 13]Cmd: UpdateLandscapeEditorData
[2015.10.22-13.31.05:978][ 13]Cmd: UpdateLandscapeMIC
[2015.10.22-13.31.07:288][168]LogEditorViewport: Clicking on Actor (LMB): StaticMeshActor (Floor)
[2015.10.22-13.31.10:237][471]Cmd: OBJ SAVEPACKAGE PACKAGE="/Game/MainLVL" FILE="../../../../../../MyGAMES/MyProject2/Content/MainLVL.umap" SILENT=true AUTOSAVING=false KEEPDIRTY=false
[2015.10.22-13.31.10:908][471]LogTexture:Display: Building textures: Texture2D_3 (BGRA8)
[2015.10.22-13.31.11:213][471]LogSavePackage: Save=808.650757ms
[2015.10.22-13.31.11:213][471]LogSavePackage: Moving '../../../../../../MyGAMES/MyProject2/Saved/MainLVL5DD39219493993994B1F2E8FB0978FBD.tmp' to '../../../../../../MyGAMES/MyProject2/Content/MainLVL.umap'
[2015.10.22-13.31.11:346][471]LogSavePackage: Total save time: 1061.193470ms
[2015.10.22-13.31.11:346][471]LogSavePackage:Warning: Finished SavePackage ../../../../../../MyGAMES/MyProject2/Content/MainLVL.umap
[2015.10.22-13.31.11:398][471]LogFileHelpers: Saving map 'MainLVL' took 1.227
[2015.10.22-13.31.58:853][658]LogSlate:Warning: Prevented a slow task dialog from being summoned while a context menu was open
[2015.10.22-13.32.05:487][658]LogTexture:Display: Building textures: T_Cliff01_D_CC_R (AutoDXT)
[2015.10.22-13.33.06:664][658]LogTexture:Display: Building textures: T_Cliff01_N (BC5)
[2015.10.22-13.33.14:211][658]LogStaticMesh: Building static mesh SM_Cliff01...
[2015.10.22-13.33.14:943][658]LogStaticMesh: Built static mesh [0.749057.2s] /Game/KiteDemo/Environments/Cliffs/Cliff01/SM_Cliff01.SM_Cliff01
[2015.10.22-13.33.15:871][658]LogTexture:Display: Building textures: BogMyrtleBush_01_Atlas_Billboards_Tex (AutoDXT)
[2015.10.22-13.33.17:651][658]LogTexture:Display: Building textures: BogMyrtleBush_01_Atlas_Billboards_Normal_Tex (BC5)
[2015.10.22-13.33.18:106][658]LogTexture:Display: Building textures: BogMyrtle_01_Atlas_Billboards_Normal_Tex (BC5)
[2015.10.22-13.33.18:546][658]LogTexture:Display: Building textures: BogMyrtle_01_Atlas_Billboards_Tex (AutoDXT)
[2015.10.22-13.33.19:975][658]LogMaterial: Missing cached shader map for material BogMyrtle_01_Billboard_Mat, compiling. 
[2015.10.22-13.33.21:496][658]LogTexture:Display: Building textures: BogMyrtle_01_Atlas_Tex (AutoDXT)
[2015.10.22-13.33.26:645][658]LogTexture:Display: Building textures: BogMyrtle_01_Atlas_Normal_Tex (BC5)
[2015.10.22-13.33.28:868][658]LogTexture:Display: Building textures: T_BogMyrtleBtm_01_D (AutoDXT)
[2015.10.22-13.33.32:434][658]LogTexture:Display: Building textures: T_BogMyrtleBtm_01_N (BC5)
[2015.10.22-13.33.33:847][658]LogMaterial: Missing cached shader map for material BogMyrtle_01_Fronds_Mat, compiling. 
[2015.10.22-13.33.34:275][658]LogTexture:Display: Building textures: BogMyrtleBush_02_Atlas_Billboards_Normal_Tex (BC5)
[2015.10.22-13.33.34:919][658]LogTexture:Display: Building textures: BogMyrtleBush_02_Atlas_Billboards_Tex (AutoDXT)
[2015.10.22-13.33.37:791][658]LogTexture:Display: Building textures: T_Fern_01_D (AutoDXT)
[2015.10.22-13.33.39:662][658]LogTexture:Display: Building textures: T_Water_Screen_Noise_Soft2 (AutoDXT)
[2015.10.22-13.33.40:169][658]LogTexture:Display: Building textures: T_TilingNoise06_N (BC5)
[2015.10.22-13.33.40:665][658]LogTexture:Display: Building textures: T_Ice_Noise_N (BC5)
[2015.10.22-13.33.40:923][658]LogTexture:Display: Building textures: T_Fern_01_N (BC5)
[2015.10.22-13.33.41:253][658]LogMaterial: Missing cached shader map for material M_Fern_01, compiling. 
[2015.10.22-13.33.41:366][658]LogTexture:Display: Building textures: T_Water_Screen_Noise_Soft (AutoDXT)
[2015.10.22-13.33.41:677][658]LogMaterial: Missing cached shader map for material M_Fern_01, compiling. 
[2015.10.22-13.33.41:749][658]LogStaticMesh: Building static mesh SM_Fern_01...
[2015.10.22-13.33.41:878][658]LogStaticMesh: Built static mesh [0.131719.2s] /Game/KiteDemo/Environments/Foliage/Ferns/SM_Fern_01.SM_Fern_01
[2015.10.22-13.33.41:910][658]LogStaticMesh: Building static mesh SM_Fern_02...
[2015.10.22-13.33.42:030][658]LogStaticMesh: Built static mesh [0.119169.2s] /Game/KiteDemo/Environments/Foliage/Ferns/SM_Fern_02.SM_Fern_02
[2015.10.22-13.33.42:355][658]LogTexture:Display: Building textures: T_SwirlNoise (G8)
[2015.10.22-13.33.42:486][658]LogTexture:Display: Building textures: T_Buttercup_Patch_01_M (AutoDXT)
[2015.10.22-13.33.43:171][658]LogTexture:Display: Building textures: T_Buttercup_Patch_01_D (AutoDXT)
[2015.10.22-13.33.44:252][658]LogMaterial: Missing cached shader map for material M_Buttercup_Patch_01, compiling. 
[2015.10.22-13.33.44:303][658]LogMaterial: Missing cached shader map for material M_Buttercup_Patch_01, compiling. 
[2015.10.22-13.33.44:354][658]LogStaticMesh: Building static mesh SM_Buttercup_Patch_01...
[2015.10.22-13.33.44:456][658]LogStaticMesh: Built static mesh [0.102483.2s] /Game/KiteDemo/Environments/Foliage/Flowers/Buttercup/SM_Buttercup_Patch_01.SM_Buttercup_Patch_01
[2015.10.22-13.33.44:871][658]LogTexture:Display: Building textures: T_FieldScabious01_N (BC5)
[2015.10.22-13.33.45:538][658]LogTexture:Display: Building textures: T_FieldScabious01_D (AutoDXT)
[2015.10.22-13.33.48:200][658]LogTexture:Display: Building textures: T_FieldScabious01_M (AutoDXT)
[2015.10.22-13.33.49:138][658]LogMaterial: Missing cached shader map for material M_FieldScabious_01, compiling. 
[2015.10.22-13.33.49:224][658]LogMaterial: Missing cached shader map for material M_FieldScabious_01, compiling. 
[2015.10.22-13.33.49:303][658]LogStaticMesh: Building static mesh SM_FieldScabious_01...
[2015.10.22-13.33.49:493][658]LogStaticMesh: Built static mesh [0.191581.2s] /Game/KiteDemo/Environments/Foliage/Flowers/FieldScabious/SM_FieldScabious_01.SM_FieldScabious_01
[2015.10.22-13.33.49:915][658]LogTexture:Display: Building textures: T_HeatherBranch4_N (BC5)
[2015.10.22-13.33.50:394][658]LogTexture:Display: Building textures: T_HeatherBranch4_Mask2 (AutoDXT)
[2015.10.22-13.33.50:603][658]LogTexture:Display: Building textures: T_Ice_Noise (AutoDXT)
[2015.10.22-13.33.51:706][658]LogTexture:Display: Building textures: T_HeatherBranch4_D (AutoDXT)
[2015.10.22-13.33.54:211][658]LogMaterial: Missing cached shader map for material M_HeatherNew_Master, compiling. 
[2015.10.22-13.33.54:589][658]LogTexture:Display: Building textures: T_Grass_Blobby_Height_01 (AutoDXT)
[2015.10.22-13.33.58:406][658]LogMaterial: Missing cached shader map for material M_HeatherNew_MasterWorldColorVarience, compiling. 
[2015.10.22-13.33.58:517][658]LogTexture:Display: Building textures: T_GDC_TilingRocks_01_DispMask (AutoDXT)
[2015.10.22-13.33.58:779][658]LogMaterial: Missing cached shader map for material M_HeatherNew_Master, compiling. 
[2015.10.22-13.33.58:828][658]LogMaterial: Missing cached shader map for material M_HeatherNew_MasterWorldColorVarience, compiling. 
[2015.10.22-13.33.58:872][658]LogMaterial: Missing cached shader map for material M_HeatherNew_MasterWorldColorVarience, compiling. 
[2015.10.22-13.33.58:923][658]LogStaticMesh: Building static mesh SM_Heather_Mesh_Clumps2...
[2015.10.22-13.33.58:946][658]LogStaticMesh: Built static mesh [0.023845.2s] /Game/KiteDemo/Environments/Foliage/Flowers/Heather/SM_Heather_Mesh_Clumps2.SM_Heather_Mesh_Clumps2
[2015.10.22-13.33.58:974][658]LogStaticMesh: Building static mesh SM_Heather_Mesh_Clumps2_WorldPopulate...
[2015.10.22-13.33.59:037][658]LogStaticMesh: Built static mesh [0.063462.2s] /Game/KiteDemo/Environments/Foliage/Flowers/Heather/SM_Heather_Mesh_Clumps2_WorldPopulate.SM_Heather_Mesh_Clumps2_WorldPopulate
[2015.10.22-13.33.59:372][658]LogTexture:Display: Building textures: T_Yarrow_N (BC5)
[2015.10.22-13.34.00:113][658]LogTexture:Display: Building textures: T_Yarrow_D (AutoDXT)
[2015.10.22-13.34.03:284][658]LogMaterial: Missing cached shader map for material M_HeatherNew_Master, compiling. 
[2015.10.22-13.34.03:404][658]LogTexture:Display: Building textures: T_Yarrow_M (AutoDXT)
[2015.10.22-13.34.03:860][658]LogStaticMesh: Building static mesh SM_Yarrow...
[2015.10.22-13.34.04:075][658]LogStaticMesh: Built static mesh [0.215438.2s] /Game/KiteDemo/Environments/Foliage/Flowers/Yarrow/SM_Yarrow.SM_Yarrow
[2015.10.22-13.34.04:127][658]LogStaticMesh: Building static mesh SM_Yarrow3...
[2015.10.22-13.34.04:327][658]LogStaticMesh: Built static mesh [0.202018.2s] /Game/KiteDemo/Environments/Foliage/Flowers/Yarrow/SM_Yarrow3.SM_Yarrow3
[2015.10.22-13.34.05:220][658]LogTexture:Display: Building textures: T_DeadLeavesAtlasTop_01_D (AutoDXT)
[2015.10.22-13.34.16:155][658]LogTexture:Display: Building textures: T_DeadLeavesAtlas_01_N (BC5)
[2015.10.22-13.34.18:914][658]LogTexture:Display: Building textures: T_DeadLeavesAtlas_01_D (AutoDXT)
[2015.10.22-13.34.32:624][658]LogMaterial: Missing cached shader map for material M_DeadLea